{"/Users/lazarnikolov/projects/nikolovlazar/nextjs-clean-architecture/config.ts": {"path":"/Users/lazarnikolov/projects/nikolovlazar/nextjs-clean-architecture/config.ts","statementMap":{"0":{"start":{"line":1,"column":30},"end":{"line":1,"column":null}}},"fnMap":{},"branchMap":{},"s":{"0":12},"f":{},"b":{}}
,"/Users/lazarnikolov/projects/nikolovlazar/nextjs-clean-architecture/instrumentation.ts": {"path":"/Users/lazarnikolov/projects/nikolovlazar/nextjs-clean-architecture/instrumentation.ts","statementMap":{"0":{"start":{"line":2,"column":2},"end":{"line":4,"column":null}},"1":{"start":{"line":3,"column":4},"end":{"line":3,"column":null}},"2":{"start":{"line":6,"column":2},"end":{"line":8,"column":null}},"3":{"start":{"line":7,"column":4},"end":{"line":7,"column":null}}},"fnMap":{"0":{"name":"register","decl":{"start":{"line":1,"column":22},"end":{"line":1,"column":33}},"loc":{"start":{"line":1,"column":33},"end":{"line":9,"column":null}}}},"branchMap":{"0":{"loc":{"start":{"line":2,"column":2},"end":{"line":4,"column":null}},"type":"if","locations":[{"start":{"line":2,"column":2},"end":{"line":4,"column":null}},{"start":{},"end":{}}]},"1":{"loc":{"start":{"line":6,"column":2},"end":{"line":8,"column":null}},"type":"if","locations":[{"start":{"line":6,"column":2},"end":{"line":8,"column":null}},{"start":{},"end":{}}]}},"s":{"0":0,"1":0,"2":0,"3":0},"f":{"0":0},"b":{"0":[0,0],"1":[0,0]}}
,"/Users/lazarnikolov/projects/nikolovlazar/nextjs-clean-architecture/next.config.mjs": {"path":"/Users/lazarnikolov/projects/nikolovlazar/nextjs-clean-architecture/next.config.mjs","statementMap":{"0":{"start":{"line":5,"column":19},"end":{"line":21,"column":1}},"1":{"start":{"line":10,"column":4},"end":{"line":18,"column":5}},"2":{"start":{"line":11,"column":6},"end":{"line":17,"column":8}},"3":{"start":{"line":19,"column":4},"end":{"line":19,"column":18}}},"fnMap":{"0":{"name":"(anonymous_0)","decl":{"start":{"line":9,"column":11},"end":{"line":9,"column":12}},"loc":{"start":{"line":9,"column":37},"end":{"line":20,"column":3}}}},"branchMap":{"0":{"loc":{"start":{"line":10,"column":4},"end":{"line":18,"column":5}},"type":"if","locations":[{"start":{"line":10,"column":4},"end":{"line":18,"column":5}},{"start":{},"end":{}}]}},"s":{"0":0,"1":0,"2":0,"3":0},"f":{"0":0},"b":{"0":[0,0]}}
,"/Users/lazarnikolov/projects/nikolovlazar/nextjs-clean-architecture/postcss.config.mjs": {"path":"/Users/lazarnikolov/projects/nikolovlazar/nextjs-clean-architecture/postcss.config.mjs","statementMap":{"0":{"start":{"line":2,"column":15},"end":{"line":6,"column":1}}},"fnMap":{},"branchMap":{},"s":{"0":0},"f":{},"b":{}}
,"/Users/lazarnikolov/projects/nikolovlazar/nextjs-clean-architecture/sentry.client.config.ts": {"path":"/Users/lazarnikolov/projects/nikolovlazar/nextjs-clean-architecture/sentry.client.config.ts","statementMap":{"0":{"start":{"line":7,"column":0},"end":{"line":29,"column":null}}},"fnMap":{},"branchMap":{},"s":{"0":0},"f":{},"b":{}}
,"/Users/lazarnikolov/projects/nikolovlazar/nextjs-clean-architecture/sentry.edge.config.ts": {"path":"/Users/lazarnikolov/projects/nikolovlazar/nextjs-clean-architecture/sentry.edge.config.ts","statementMap":{"0":{"start":{"line":8,"column":0},"end":{"line":16,"column":null}}},"fnMap":{},"branchMap":{},"s":{"0":0},"f":{},"b":{}}
,"/Users/lazarnikolov/projects/nikolovlazar/nextjs-clean-architecture/sentry.server.config.ts": {"path":"/Users/lazarnikolov/projects/nikolovlazar/nextjs-clean-architecture/sentry.server.config.ts","statementMap":{"0":{"start":{"line":7,"column":0},"end":{"line":18,"column":null}}},"fnMap":{},"branchMap":{},"s":{"0":0},"f":{},"b":{}}
,"/Users/lazarnikolov/projects/nikolovlazar/nextjs-clean-architecture/tailwind.config.ts": {"path":"/Users/lazarnikolov/projects/nikolovlazar/nextjs-clean-architecture/tailwind.config.ts","statementMap":{"0":{"start":{"line":4,"column":15},"end":{"line":77,"column":null}}},"fnMap":{},"branchMap":{},"s":{"0":0},"f":{},"b":{}}
,"/Users/lazarnikolov/projects/nikolovlazar/nextjs-clean-architecture/app/actions.ts": {"path":"/Users/lazarnikolov/projects/nikolovlazar/nextjs-clean-architecture/app/actions.ts","statementMap":{"0":{"start":{"line":17,"column":2},"end":{"line":42,"column":null}},"1":{"start":{"line":21,"column":6},"end":{"line":37,"column":null}},"2":{"start":{"line":22,"column":21},"end":{"line":22,"column":null}},"3":{"start":{"line":23,"column":26},"end":{"line":23,"column":null}},"4":{"start":{"line":24,"column":8},"end":{"line":24,"column":null}},"5":{"start":{"line":26,"column":8},"end":{"line":28,"column":null}},"6":{"start":{"line":27,"column":10},"end":{"line":27,"column":null}},"7":{"start":{"line":29,"column":8},"end":{"line":31,"column":null}},"8":{"start":{"line":30,"column":10},"end":{"line":30,"column":null}},"9":{"start":{"line":32,"column":8},"end":{"line":32,"column":null}},"10":{"start":{"line":33,"column":8},"end":{"line":36,"column":null}},"11":{"start":{"line":39,"column":6},"end":{"line":39,"column":null}},"12":{"start":{"line":40,"column":6},"end":{"line":40,"column":null}},"13":{"start":{"line":46,"column":2},"end":{"line":73,"column":null}},"14":{"start":{"line":50,"column":6},"end":{"line":68,"column":null}},"15":{"start":{"line":51,"column":26},"end":{"line":51,"column":null}},"16":{"start":{"line":52,"column":8},"end":{"line":52,"column":null}},"17":{"start":{"line":54,"column":8},"end":{"line":56,"column":null}},"18":{"start":{"line":55,"column":10},"end":{"line":55,"column":null}},"19":{"start":{"line":57,"column":8},"end":{"line":59,"column":null}},"20":{"start":{"line":58,"column":10},"end":{"line":58,"column":null}},"21":{"start":{"line":60,"column":8},"end":{"line":62,"column":null}},"22":{"start":{"line":61,"column":10},"end":{"line":61,"column":null}},"23":{"start":{"line":63,"column":8},"end":{"line":63,"column":null}},"24":{"start":{"line":64,"column":8},"end":{"line":67,"column":null}},"25":{"start":{"line":70,"column":6},"end":{"line":70,"column":null}},"26":{"start":{"line":71,"column":6},"end":{"line":71,"column":null}}},"fnMap":{"0":{"name":"createTodo","decl":{"start":{"line":16,"column":22},"end":{"line":16,"column":33}},"loc":{"start":{"line":16,"column":53},"end":{"line":43,"column":null}}},"1":{"name":"(anonymous_1)","decl":{"start":{"line":20,"column":4},"end":{"line":20,"column":16}},"loc":{"start":{"line":20,"column":16},"end":{"line":41,"column":null}}},"2":{"name":"toggleTodo","decl":{"start":{"line":45,"column":22},"end":{"line":45,"column":33}},"loc":{"start":{"line":45,"column":49},"end":{"line":74,"column":null}}},"3":{"name":"(anonymous_3)","decl":{"start":{"line":49,"column":4},"end":{"line":49,"column":16}},"loc":{"start":{"line":49,"column":16},"end":{"line":72,"column":null}}}},"branchMap":{"0":{"loc":{"start":{"line":26,"column":8},"end":{"line":28,"column":null}},"type":"if","locations":[{"start":{"line":26,"column":8},"end":{"line":28,"column":null}},{"start":{},"end":{}}]},"1":{"loc":{"start":{"line":29,"column":8},"end":{"line":31,"column":null}},"type":"if","locations":[{"start":{"line":29,"column":8},"end":{"line":31,"column":null}},{"start":{},"end":{}}]},"2":{"loc":{"start":{"line":54,"column":8},"end":{"line":56,"column":null}},"type":"if","locations":[{"start":{"line":54,"column":8},"end":{"line":56,"column":null}},{"start":{},"end":{}}]},"3":{"loc":{"start":{"line":57,"column":8},"end":{"line":59,"column":null}},"type":"if","locations":[{"start":{"line":57,"column":8},"end":{"line":59,"column":null}},{"start":{},"end":{}}]},"4":{"loc":{"start":{"line":60,"column":8},"end":{"line":62,"column":null}},"type":"if","locations":[{"start":{"line":60,"column":8},"end":{"line":62,"column":null}},{"start":{},"end":{}}]}},"s":{"0":0,"1":0,"2":0,"3":0,"4":0,"5":0,"6":0,"7":0,"8":0,"9":0,"10":0,"11":0,"12":0,"13":0,"14":0,"15":0,"16":0,"17":0,"18":0,"19":0,"20":0,"21":0,"22":0,"23":0,"24":0,"25":0,"26":0},"f":{"0":0,"1":0,"2":0,"3":0},"b":{"0":[0,0],"1":[0,0],"2":[0,0],"3":[0,0],"4":[0,0]}}
,"/Users/lazarnikolov/projects/nikolovlazar/nextjs-clean-architecture/app/add-todo.tsx": {"path":"/Users/lazarnikolov/projects/nikolovlazar/nextjs-clean-architecture/app/add-todo.tsx","statementMap":{"0":{"start":{"line":12,"column":19},"end":{"line":12,"column":null}},"1":{"start":{"line":14,"column":23},"end":{"line":31,"column":null}},"2":{"start":{"line":15,"column":4},"end":{"line":15,"column":null}},"3":{"start":{"line":17,"column":21},"end":{"line":17,"column":null}},"4":{"start":{"line":18,"column":16},"end":{"line":18,"column":null}},"5":{"start":{"line":20,"column":4},"end":{"line":30,"column":null}},"6":{"start":{"line":21,"column":6},"end":{"line":29,"column":null}},"7":{"start":{"line":22,"column":8},"end":{"line":22,"column":null}},"8":{"start":{"line":23,"column":6},"end":{"line":29,"column":null}},"9":{"start":{"line":24,"column":8},"end":{"line":24,"column":null}},"10":{"start":{"line":26,"column":8},"end":{"line":28,"column":null}},"11":{"start":{"line":27,"column":10},"end":{"line":27,"column":null}},"12":{"start":{"line":33,"column":2},"end":{"line":44,"column":null}}},"fnMap":{"0":{"name":"CreateTodo","decl":{"start":{"line":11,"column":16},"end":{"line":11,"column":29}},"loc":{"start":{"line":11,"column":29},"end":{"line":46,"column":null}}},"1":{"name":"(anonymous_1)","decl":{"start":{"line":14,"column":23},"end":{"line":14,"column":30}},"loc":{"start":{"line":14,"column":74},"end":{"line":31,"column":null}}}},"branchMap":{"0":{"loc":{"start":{"line":20,"column":4},"end":{"line":30,"column":null}},"type":"if","locations":[{"start":{"line":20,"column":4},"end":{"line":30,"column":null}},{"start":{},"end":{}}]},"1":{"loc":{"start":{"line":21,"column":6},"end":{"line":29,"column":null}},"type":"if","locations":[{"start":{"line":21,"column":6},"end":{"line":29,"column":null}},{"start":{"line":23,"column":6},"end":{"line":29,"column":null}}]},"2":{"loc":{"start":{"line":23,"column":6},"end":{"line":29,"column":null}},"type":"if","locations":[{"start":{"line":23,"column":6},"end":{"line":29,"column":null}},{"start":{},"end":{}}]},"3":{"loc":{"start":{"line":26,"column":8},"end":{"line":28,"column":null}},"type":"if","locations":[{"start":{"line":26,"column":8},"end":{"line":28,"column":null}},{"start":{},"end":{}}]}},"s":{"0":0,"1":0,"2":0,"3":0,"4":0,"5":0,"6":0,"7":0,"8":0,"9":0,"10":0,"11":0,"12":0},"f":{"0":0,"1":0},"b":{"0":[0,0],"1":[0,0],"2":[0,0],"3":[0,0]}}
,"/Users/lazarnikolov/projects/nikolovlazar/nextjs-clean-architecture/app/global-error.tsx": {"path":"/Users/lazarnikolov/projects/nikolovlazar/nextjs-clean-architecture/app/global-error.tsx","statementMap":{"0":{"start":{"line":8,"column":2},"end":{"line":10,"column":null}},"1":{"start":{"line":9,"column":4},"end":{"line":9,"column":null}},"2":{"start":{"line":12,"column":2},"end":{"line":21,"column":null}}},"fnMap":{"0":{"name":"GlobalError","decl":{"start":{"line":7,"column":24},"end":{"line":7,"column":36}},"loc":{"start":{"line":7,"column":87},"end":{"line":23,"column":null}}},"1":{"name":"(anonymous_1)","decl":{"start":{"line":8,"column":12},"end":{"line":8,"column":18}},"loc":{"start":{"line":8,"column":18},"end":{"line":10,"column":5}}}},"branchMap":{},"s":{"0":0,"1":0,"2":0},"f":{"0":0,"1":0},"b":{}}
,"/Users/lazarnikolov/projects/nikolovlazar/nextjs-clean-architecture/app/layout.tsx": {"path":"/Users/lazarnikolov/projects/nikolovlazar/nextjs-clean-architecture/app/layout.tsx","statementMap":{"0":{"start":{"line":8,"column":17},"end":{"line":11,"column":null}},"1":{"start":{"line":13,"column":34},"end":{"line":16,"column":null}},"2":{"start":{"line":23,"column":2},"end":{"line":36,"column":null}}},"fnMap":{"0":{"name":"RootLayout","decl":{"start":{"line":18,"column":30},"end":{"line":18,"column":41}},"loc":{"start":{"line":22,"column":4},"end":{"line":38,"column":null}}}},"branchMap":{},"s":{"0":0,"1":0,"2":0},"f":{"0":0},"b":{}}
,"/Users/lazarnikolov/projects/nikolovlazar/nextjs-clean-architecture/app/page.tsx": {"path":"/Users/lazarnikolov/projects/nikolovlazar/nextjs-clean-architecture/app/page.tsx","statementMap":{"0":{"start":{"line":24,"column":2},"end":{"line":43,"column":null}},"1":{"start":{"line":30,"column":6},"end":{"line":41,"column":null}},"2":{"start":{"line":31,"column":8},"end":{"line":31,"column":null}},"3":{"start":{"line":33,"column":8},"end":{"line":38,"column":null}},"4":{"start":{"line":37,"column":10},"end":{"line":37,"column":null}},"5":{"start":{"line":39,"column":8},"end":{"line":39,"column":null}},"6":{"start":{"line":40,"column":8},"end":{"line":40,"column":null}},"7":{"start":{"line":47,"column":20},"end":{"line":47,"column":null}},"8":{"start":{"line":50,"column":2},"end":{"line":54,"column":null}},"9":{"start":{"line":51,"column":4},"end":{"line":51,"column":null}},"10":{"start":{"line":53,"column":4},"end":{"line":53,"column":null}},"11":{"start":{"line":56,"column":2},"end":{"line":67,"column":null}}},"fnMap":{"0":{"name":"getTodos","decl":{"start":{"line":23,"column":15},"end":{"line":23,"column":24}},"loc":{"start":{"line":23,"column":55},"end":{"line":44,"column":null}}},"1":{"name":"(anonymous_1)","decl":{"start":{"line":29,"column":4},"end":{"line":29,"column":16}},"loc":{"start":{"line":29,"column":16},"end":{"line":42,"column":null}}},"2":{"name":"Home","decl":{"start":{"line":46,"column":30},"end":{"line":46,"column":37}},"loc":{"start":{"line":46,"column":37},"end":{"line":69,"column":null}}}},"branchMap":{"0":{"loc":{"start":{"line":33,"column":8},"end":{"line":38,"column":null}},"type":"if","locations":[{"start":{"line":33,"column":8},"end":{"line":38,"column":null}},{"start":{},"end":{}}]},"1":{"loc":{"start":{"line":34,"column":10},"end":{"line":35,"column":null}},"type":"binary-expr","locations":[{"start":{"line":34,"column":10},"end":{"line":34,"column":null}},{"start":{"line":35,"column":10},"end":{"line":35,"column":null}}]}},"s":{"0":0,"1":0,"2":0,"3":0,"4":0,"5":0,"6":0,"7":0,"8":0,"9":0,"10":0,"11":0},"f":{"0":0,"1":0,"2":0},"b":{"0":[0,0],"1":[0,0]}}
,"/Users/lazarnikolov/projects/nikolovlazar/nextjs-clean-architecture/app/todos.tsx": {"path":"/Users/lazarnikolov/projects/nikolovlazar/nextjs-clean-architecture/app/todos.tsx","statementMap":{"0":{"start":{"line":15,"column":23},"end":{"line":24,"column":null}},"1":{"start":{"line":16,"column":16},"end":{"line":16,"column":null}},"2":{"start":{"line":17,"column":4},"end":{"line":23,"column":null}},"3":{"start":{"line":18,"column":6},"end":{"line":22,"column":null}},"4":{"start":{"line":19,"column":8},"end":{"line":19,"column":null}},"5":{"start":{"line":20,"column":6},"end":{"line":22,"column":null}},"6":{"start":{"line":21,"column":8},"end":{"line":21,"column":null}},"7":{"start":{"line":26,"column":2},"end":{"line":52,"column":null}},"8":{"start":{"line":30,"column":10},"end":{"line":47,"column":null}},"9":{"start":{"line":36,"column":37},"end":{"line":36,"column":null}}},"fnMap":{"0":{"name":"Todos","decl":{"start":{"line":10,"column":16},"end":{"line":10,"column":22}},"loc":{"start":{"line":14,"column":3},"end":{"line":54,"column":null}}},"1":{"name":"(anonymous_1)","decl":{"start":{"line":15,"column":35},"end":{"line":15,"column":42}},"loc":{"start":{"line":15,"column":57},"end":{"line":24,"column":5}}},"2":{"name":"(anonymous_2)","decl":{"start":{"line":29,"column":18},"end":{"line":29,"column":19}},"loc":{"start":{"line":30,"column":10},"end":{"line":47,"column":null}}},"3":{"name":"(anonymous_3)","decl":{"start":{"line":36,"column":31},"end":{"line":36,"column":37}},"loc":{"start":{"line":36,"column":37},"end":{"line":36,"column":null}}}},"branchMap":{"0":{"loc":{"start":{"line":17,"column":4},"end":{"line":23,"column":null}},"type":"if","locations":[{"start":{"line":17,"column":4},"end":{"line":23,"column":null}},{"start":{},"end":{}}]},"1":{"loc":{"start":{"line":18,"column":6},"end":{"line":22,"column":null}},"type":"if","locations":[{"start":{"line":18,"column":6},"end":{"line":22,"column":null}},{"start":{"line":20,"column":6},"end":{"line":22,"column":null}}]},"2":{"loc":{"start":{"line":20,"column":6},"end":{"line":22,"column":null}},"type":"if","locations":[{"start":{"line":20,"column":6},"end":{"line":22,"column":null}},{"start":{},"end":{}}]},"3":{"loc":{"start":{"line":28,"column":7},"end":{"line":50,"column":null}},"type":"cond-expr","locations":[{"start":{"line":29,"column":8},"end":{"line":48,"column":null}},{"start":{"line":50,"column":8},"end":{"line":50,"column":null}}]}},"s":{"0":0,"1":0,"2":0,"3":0,"4":0,"5":0,"6":0,"7":0,"8":0,"9":0},"f":{"0":0,"1":0,"2":0,"3":0},"b":{"0":[0,0],"1":[0,0],"2":[0,0],"3":[0,0]}}
,"/Users/lazarnikolov/projects/nikolovlazar/nextjs-clean-architecture/app/(auth)/actions.ts": {"path":"/Users/lazarnikolov/projects/nikolovlazar/nextjs-clean-architecture/app/(auth)/actions.ts","statementMap":{"0":{"start":{"line":22,"column":2},"end":{"line":60,"column":null}},"1":{"start":{"line":26,"column":23},"end":{"line":26,"column":null}},"2":{"start":{"line":27,"column":23},"end":{"line":27,"column":null}},"3":{"start":{"line":28,"column":30},"end":{"line":28,"column":null}},"4":{"start":{"line":31,"column":6},"end":{"line":50,"column":null}},"5":{"start":{"line":32,"column":27},"end":{"line":36,"column":null}},"6":{"start":{"line":37,"column":8},"end":{"line":37,"column":null}},"7":{"start":{"line":39,"column":8},"end":{"line":44,"column":null}},"8":{"start":{"line":40,"column":10},"end":{"line":43,"column":null}},"9":{"start":{"line":45,"column":8},"end":{"line":45,"column":null}},"10":{"start":{"line":46,"column":8},"end":{"line":49,"column":null}},"11":{"start":{"line":52,"column":6},"end":{"line":56,"column":null}},"12":{"start":{"line":58,"column":6},"end":{"line":58,"column":null}},"13":{"start":{"line":64,"column":2},"end":{"line":98,"column":null}},"14":{"start":{"line":68,"column":23},"end":{"line":68,"column":null}},"15":{"start":{"line":69,"column":23},"end":{"line":69,"column":null}},"16":{"start":{"line":72,"column":6},"end":{"line":88,"column":null}},"17":{"start":{"line":73,"column":8},"end":{"line":73,"column":null}},"18":{"start":{"line":75,"column":8},"end":{"line":82,"column":null}},"19":{"start":{"line":79,"column":10},"end":{"line":81,"column":null}},"20":{"start":{"line":83,"column":8},"end":{"line":83,"column":null}},"21":{"start":{"line":84,"column":8},"end":{"line":87,"column":null}},"22":{"start":{"line":90,"column":6},"end":{"line":94,"column":null}},"23":{"start":{"line":96,"column":6},"end":{"line":96,"column":null}},"24":{"start":{"line":102,"column":2},"end":{"line":131,"column":null}},"25":{"start":{"line":106,"column":27},"end":{"line":106,"column":null}},"26":{"start":{"line":107,"column":24},"end":{"line":107,"column":null}},"27":{"start":{"line":110,"column":6},"end":{"line":121,"column":null}},"28":{"start":{"line":111,"column":8},"end":{"line":111,"column":null}},"29":{"start":{"line":113,"column":8},"end":{"line":118,"column":null}},"30":{"start":{"line":117,"column":10},"end":{"line":117,"column":null}},"31":{"start":{"line":119,"column":8},"end":{"line":119,"column":null}},"32":{"start":{"line":120,"column":8},"end":{"line":120,"column":null}},"33":{"start":{"line":123,"column":6},"end":{"line":127,"column":null}},"34":{"start":{"line":129,"column":6},"end":{"line":129,"column":null}}},"fnMap":{"0":{"name":"signUp","decl":{"start":{"line":21,"column":22},"end":{"line":21,"column":29}},"loc":{"start":{"line":21,"column":49},"end":{"line":61,"column":null}}},"1":{"name":"(anonymous_1)","decl":{"start":{"line":25,"column":4},"end":{"line":25,"column":16}},"loc":{"start":{"line":25,"column":16},"end":{"line":59,"column":null}}},"2":{"name":"signIn","decl":{"start":{"line":63,"column":22},"end":{"line":63,"column":29}},"loc":{"start":{"line":63,"column":49},"end":{"line":99,"column":null}}},"3":{"name":"(anonymous_3)","decl":{"start":{"line":67,"column":4},"end":{"line":67,"column":16}},"loc":{"start":{"line":67,"column":16},"end":{"line":97,"column":null}}},"4":{"name":"signOut","decl":{"start":{"line":101,"column":22},"end":{"line":101,"column":32}},"loc":{"start":{"line":101,"column":32},"end":{"line":132,"column":null}}},"5":{"name":"(anonymous_5)","decl":{"start":{"line":105,"column":4},"end":{"line":105,"column":16}},"loc":{"start":{"line":105,"column":16},"end":{"line":130,"column":null}}}},"branchMap":{"0":{"loc":{"start":{"line":39,"column":8},"end":{"line":44,"column":null}},"type":"if","locations":[{"start":{"line":39,"column":8},"end":{"line":44,"column":null}},{"start":{},"end":{}}]},"1":{"loc":{"start":{"line":75,"column":8},"end":{"line":82,"column":null}},"type":"if","locations":[{"start":{"line":75,"column":8},"end":{"line":82,"column":null}},{"start":{},"end":{}}]},"2":{"loc":{"start":{"line":76,"column":10},"end":{"line":77,"column":null}},"type":"binary-expr","locations":[{"start":{"line":76,"column":10},"end":{"line":76,"column":null}},{"start":{"line":77,"column":10},"end":{"line":77,"column":null}}]},"3":{"loc":{"start":{"line":113,"column":8},"end":{"line":118,"column":null}},"type":"if","locations":[{"start":{"line":113,"column":8},"end":{"line":118,"column":null}},{"start":{},"end":{}}]},"4":{"loc":{"start":{"line":114,"column":10},"end":{"line":115,"column":null}},"type":"binary-expr","locations":[{"start":{"line":114,"column":10},"end":{"line":114,"column":null}},{"start":{"line":115,"column":10},"end":{"line":115,"column":null}}]}},"s":{"0":0,"1":0,"2":0,"3":0,"4":0,"5":0,"6":0,"7":0,"8":0,"9":0,"10":0,"11":0,"12":0,"13":0,"14":0,"15":0,"16":0,"17":0,"18":0,"19":0,"20":0,"21":0,"22":0,"23":0,"24":0,"25":0,"26":0,"27":0,"28":0,"29":0,"30":0,"31":0,"32":0,"33":0,"34":0},"f":{"0":0,"1":0,"2":0,"3":0,"4":0,"5":0},"b":{"0":[0,0],"1":[0,0],"2":[0,0],"3":[0,0],"4":[0,0]}}
,"/Users/lazarnikolov/projects/nikolovlazar/nextjs-clean-architecture/app/(auth)/sign-in/page.tsx": {"path":"/Users/lazarnikolov/projects/nikolovlazar/nextjs-clean-architecture/app/(auth)/sign-in/page.tsx","statementMap":{"0":{"start":{"line":20,"column":28},"end":{"line":20,"column":null}},"1":{"start":{"line":22,"column":23},"end":{"line":31,"column":null}},"2":{"start":{"line":23,"column":4},"end":{"line":23,"column":null}},"3":{"start":{"line":25,"column":21},"end":{"line":25,"column":null}},"4":{"start":{"line":27,"column":16},"end":{"line":27,"column":null}},"5":{"start":{"line":28,"column":4},"end":{"line":30,"column":null}},"6":{"start":{"line":29,"column":6},"end":{"line":29,"column":null}},"7":{"start":{"line":33,"column":2},"end":{"line":72,"column":null}}},"fnMap":{"0":{"name":"SignIn","decl":{"start":{"line":19,"column":24},"end":{"line":19,"column":33}},"loc":{"start":{"line":19,"column":33},"end":{"line":74,"column":null}}},"1":{"name":"(anonymous_1)","decl":{"start":{"line":22,"column":23},"end":{"line":22,"column":30}},"loc":{"start":{"line":22,"column":74},"end":{"line":31,"column":null}}}},"branchMap":{"0":{"loc":{"start":{"line":28,"column":4},"end":{"line":30,"column":null}},"type":"if","locations":[{"start":{"line":28,"column":4},"end":{"line":30,"column":null}},{"start":{},"end":{}}]},"1":{"loc":{"start":{"line":28,"column":8},"end":{"line":28,"column":26}},"type":"binary-expr","locations":[{"start":{"line":28,"column":8},"end":{"line":28,"column":15}},{"start":{"line":28,"column":15},"end":{"line":28,"column":26}}]},"2":{"loc":{"start":{"line":45,"column":13},"end":{"line":45,"column":null}},"type":"binary-expr","locations":[{"start":{"line":45,"column":13},"end":{"line":45,"column":22}},{"start":{"line":45,"column":22},"end":{"line":45,"column":null}}]}},"s":{"0":0,"1":0,"2":0,"3":0,"4":0,"5":0,"6":0,"7":0},"f":{"0":0,"1":0},"b":{"0":[0,0],"1":[0,0],"2":[0,0]}}
,"/Users/lazarnikolov/projects/nikolovlazar/nextjs-clean-architecture/app/(auth)/sign-up/page.tsx": {"path":"/Users/lazarnikolov/projects/nikolovlazar/nextjs-clean-architecture/app/(auth)/sign-up/page.tsx","statementMap":{"0":{"start":{"line":20,"column":28},"end":{"line":20,"column":null}},"1":{"start":{"line":22,"column":23},"end":{"line":39,"column":null}},"2":{"start":{"line":23,"column":4},"end":{"line":23,"column":null}},"3":{"start":{"line":25,"column":21},"end":{"line":25,"column":null}},"4":{"start":{"line":27,"column":21},"end":{"line":27,"column":null}},"5":{"start":{"line":28,"column":28},"end":{"line":28,"column":null}},"6":{"start":{"line":30,"column":4},"end":{"line":33,"column":null}},"7":{"start":{"line":31,"column":6},"end":{"line":31,"column":null}},"8":{"start":{"line":32,"column":6},"end":{"line":32,"column":null}},"9":{"start":{"line":35,"column":16},"end":{"line":35,"column":null}},"10":{"start":{"line":36,"column":4},"end":{"line":38,"column":null}},"11":{"start":{"line":37,"column":6},"end":{"line":37,"column":null}},"12":{"start":{"line":41,"column":2},"end":{"line":89,"column":null}}},"fnMap":{"0":{"name":"SignUp","decl":{"start":{"line":19,"column":24},"end":{"line":19,"column":33}},"loc":{"start":{"line":19,"column":33},"end":{"line":91,"column":null}}},"1":{"name":"(anonymous_1)","decl":{"start":{"line":22,"column":23},"end":{"line":22,"column":30}},"loc":{"start":{"line":22,"column":74},"end":{"line":39,"column":null}}}},"branchMap":{"0":{"loc":{"start":{"line":30,"column":4},"end":{"line":33,"column":null}},"type":"if","locations":[{"start":{"line":30,"column":4},"end":{"line":33,"column":null}},{"start":{},"end":{}}]},"1":{"loc":{"start":{"line":36,"column":4},"end":{"line":38,"column":null}},"type":"if","locations":[{"start":{"line":36,"column":4},"end":{"line":38,"column":null}},{"start":{},"end":{}}]},"2":{"loc":{"start":{"line":36,"column":8},"end":{"line":36,"column":26}},"type":"binary-expr","locations":[{"start":{"line":36,"column":8},"end":{"line":36,"column":15}},{"start":{"line":36,"column":15},"end":{"line":36,"column":26}}]},"3":{"loc":{"start":{"line":53,"column":13},"end":{"line":53,"column":null}},"type":"binary-expr","locations":[{"start":{"line":53,"column":13},"end":{"line":53,"column":22}},{"start":{"line":53,"column":22},"end":{"line":53,"column":null}}]}},"s":{"0":0,"1":0,"2":0,"3":0,"4":0,"5":0,"6":0,"7":0,"8":0,"9":0,"10":0,"11":0,"12":0},"f":{"0":0,"1":0},"b":{"0":[0,0],"1":[0,0],"2":[0,0],"3":[0,0]}}
,"/Users/lazarnikolov/projects/nikolovlazar/nextjs-clean-architecture/app/_components/theme-provider.tsx": {"path":"/Users/lazarnikolov/projects/nikolovlazar/nextjs-clean-architecture/app/_components/theme-provider.tsx","statementMap":{"0":{"start":{"line":8,"column":2},"end":{"line":8,"column":null}}},"fnMap":{"0":{"name":"ThemeProvider","decl":{"start":{"line":7,"column":16},"end":{"line":7,"column":30}},"loc":{"start":{"line":7,"column":74},"end":{"line":9,"column":null}}}},"branchMap":{},"s":{"0":0},"f":{"0":0},"b":{}}
,"/Users/lazarnikolov/projects/nikolovlazar/nextjs-clean-architecture/app/_components/utils.ts": {"path":"/Users/lazarnikolov/projects/nikolovlazar/nextjs-clean-architecture/app/_components/utils.ts","statementMap":{"0":{"start":{"line":5,"column":2},"end":{"line":5,"column":null}}},"fnMap":{"0":{"name":"cn","decl":{"start":{"line":4,"column":16},"end":{"line":4,"column":22}},"loc":{"start":{"line":4,"column":44},"end":{"line":6,"column":null}}}},"branchMap":{},"s":{"0":0},"f":{"0":0},"b":{}}
,"/Users/lazarnikolov/projects/nikolovlazar/nextjs-clean-architecture/app/_components/ui/avatar.tsx": {"path":"/Users/lazarnikolov/projects/nikolovlazar/nextjs-clean-architecture/app/_components/ui/avatar.tsx","statementMap":{"0":{"start":{"line":8,"column":15},"end":{"line":20,"column":null}},"1":{"start":{"line":12,"column":2},"end":{"line":19,"column":null}},"2":{"start":{"line":21,"column":0},"end":{"line":21,"column":null}},"3":{"start":{"line":23,"column":20},"end":{"line":32,"column":null}},"4":{"start":{"line":27,"column":2},"end":{"line":31,"column":null}},"5":{"start":{"line":33,"column":0},"end":{"line":33,"column":null}},"6":{"start":{"line":35,"column":23},"end":{"line":47,"column":null}},"7":{"start":{"line":39,"column":2},"end":{"line":46,"column":null}},"8":{"start":{"line":48,"column":0},"end":{"line":48,"column":null}}},"fnMap":{"0":{"name":"(anonymous_0)","decl":{"start":{"line":11,"column":2},"end":{"line":11,"column":3}},"loc":{"start":{"line":12,"column":2},"end":{"line":19,"column":null}}},"1":{"name":"(anonymous_1)","decl":{"start":{"line":26,"column":2},"end":{"line":26,"column":3}},"loc":{"start":{"line":27,"column":2},"end":{"line":31,"column":null}}},"2":{"name":"(anonymous_2)","decl":{"start":{"line":38,"column":2},"end":{"line":38,"column":3}},"loc":{"start":{"line":39,"column":2},"end":{"line":46,"column":null}}}},"branchMap":{},"s":{"0":0,"1":0,"2":0,"3":0,"4":0,"5":0,"6":0,"7":0,"8":0},"f":{"0":0,"1":0,"2":0},"b":{}}
,"/Users/lazarnikolov/projects/nikolovlazar/nextjs-clean-architecture/app/_components/ui/button.tsx": {"path":"/Users/lazarnikolov/projects/nikolovlazar/nextjs-clean-architecture/app/_components/ui/button.tsx","statementMap":{"0":{"start":{"line":7,"column":23},"end":{"line":34,"column":null}},"1":{"start":{"line":42,"column":15},"end":{"line":53,"column":null}},"2":{"start":{"line":44,"column":17},"end":{"line":44,"column":null}},"3":{"start":{"line":45,"column":4},"end":{"line":50,"column":null}},"4":{"start":{"line":54,"column":0},"end":{"line":54,"column":null}}},"fnMap":{"0":{"name":"(anonymous_0)","decl":{"start":{"line":43,"column":2},"end":{"line":43,"column":3}},"loc":{"start":{"line":43,"column":68},"end":{"line":52,"column":null}}}},"branchMap":{"0":{"loc":{"start":{"line":43,"column":31},"end":{"line":43,"column":48}},"type":"default-arg","locations":[{"start":{"line":43,"column":41},"end":{"line":43,"column":48}}]},"1":{"loc":{"start":{"line":44,"column":17},"end":{"line":44,"column":null}},"type":"cond-expr","locations":[{"start":{"line":44,"column":27},"end":{"line":44,"column":34}},{"start":{"line":44,"column":34},"end":{"line":44,"column":null}}]}},"s":{"0":0,"1":0,"2":0,"3":0,"4":0},"f":{"0":0},"b":{"0":[0],"1":[0,0]}}
,"/Users/lazarnikolov/projects/nikolovlazar/nextjs-clean-architecture/app/_components/ui/card.tsx": {"path":"/Users/lazarnikolov/projects/nikolovlazar/nextjs-clean-architecture/app/_components/ui/card.tsx","statementMap":{"0":{"start":{"line":5,"column":13},"end":{"line":17,"column":null}},"1":{"start":{"line":9,"column":2},"end":{"line":16,"column":null}},"2":{"start":{"line":18,"column":0},"end":{"line":18,"column":null}},"3":{"start":{"line":20,"column":19},"end":{"line":29,"column":null}},"4":{"start":{"line":24,"column":2},"end":{"line":28,"column":null}},"5":{"start":{"line":30,"column":0},"end":{"line":30,"column":null}},"6":{"start":{"line":32,"column":18},"end":{"line":44,"column":null}},"7":{"start":{"line":36,"column":2},"end":{"line":43,"column":null}},"8":{"start":{"line":45,"column":0},"end":{"line":45,"column":null}},"9":{"start":{"line":47,"column":24},"end":{"line":56,"column":null}},"10":{"start":{"line":51,"column":2},"end":{"line":55,"column":null}},"11":{"start":{"line":57,"column":0},"end":{"line":57,"column":null}},"12":{"start":{"line":59,"column":20},"end":{"line":64,"column":null}},"13":{"start":{"line":63,"column":2},"end":{"line":63,"column":null}},"14":{"start":{"line":65,"column":0},"end":{"line":65,"column":null}},"15":{"start":{"line":67,"column":19},"end":{"line":76,"column":null}},"16":{"start":{"line":71,"column":2},"end":{"line":75,"column":null}},"17":{"start":{"line":77,"column":0},"end":{"line":77,"column":null}}},"fnMap":{"0":{"name":"(anonymous_0)","decl":{"start":{"line":8,"column":2},"end":{"line":8,"column":3}},"loc":{"start":{"line":9,"column":2},"end":{"line":16,"column":null}}},"1":{"name":"(anonymous_1)","decl":{"start":{"line":23,"column":2},"end":{"line":23,"column":3}},"loc":{"start":{"line":24,"column":2},"end":{"line":28,"column":null}}},"2":{"name":"(anonymous_2)","decl":{"start":{"line":35,"column":2},"end":{"line":35,"column":3}},"loc":{"start":{"line":36,"column":2},"end":{"line":43,"column":null}}},"3":{"name":"(anonymous_3)","decl":{"start":{"line":50,"column":2},"end":{"line":50,"column":3}},"loc":{"start":{"line":51,"column":2},"end":{"line":55,"column":null}}},"4":{"name":"(anonymous_4)","decl":{"start":{"line":62,"column":2},"end":{"line":62,"column":3}},"loc":{"start":{"line":63,"column":2},"end":{"line":63,"column":null}}},"5":{"name":"(anonymous_5)","decl":{"start":{"line":70,"column":2},"end":{"line":70,"column":3}},"loc":{"start":{"line":71,"column":2},"end":{"line":75,"column":null}}}},"branchMap":{},"s":{"0":0,"1":0,"2":0,"3":0,"4":0,"5":0,"6":0,"7":0,"8":0,"9":0,"10":0,"11":0,"12":0,"13":0,"14":0,"15":0,"16":0,"17":0},"f":{"0":0,"1":0,"2":0,"3":0,"4":0,"5":0},"b":{}}
,"/Users/lazarnikolov/projects/nikolovlazar/nextjs-clean-architecture/app/_components/ui/checkbox.tsx": {"path":"/Users/lazarnikolov/projects/nikolovlazar/nextjs-clean-architecture/app/_components/ui/checkbox.tsx","statementMap":{"0":{"start":{"line":9,"column":17},"end":{"line":27,"column":null}},"1":{"start":{"line":13,"column":2},"end":{"line":26,"column":null}},"2":{"start":{"line":28,"column":0},"end":{"line":28,"column":null}}},"fnMap":{"0":{"name":"(anonymous_0)","decl":{"start":{"line":12,"column":2},"end":{"line":12,"column":3}},"loc":{"start":{"line":13,"column":2},"end":{"line":26,"column":null}}}},"branchMap":{},"s":{"0":0,"1":0,"2":0},"f":{"0":0},"b":{}}
,"/Users/lazarnikolov/projects/nikolovlazar/nextjs-clean-architecture/app/_components/ui/dropdown-menu.tsx": {"path":"/Users/lazarnikolov/projects/nikolovlazar/nextjs-clean-architecture/app/_components/ui/dropdown-menu.tsx","statementMap":{"0":{"start":{"line":9,"column":21},"end":{"line":9,"column":null}},"1":{"start":{"line":11,"column":28},"end":{"line":11,"column":null}},"2":{"start":{"line":13,"column":26},"end":{"line":13,"column":null}},"3":{"start":{"line":15,"column":27},"end":{"line":15,"column":null}},"4":{"start":{"line":17,"column":24},"end":{"line":17,"column":null}},"5":{"start":{"line":19,"column":31},"end":{"line":19,"column":null}},"6":{"start":{"line":21,"column":31},"end":{"line":39,"column":null}},"7":{"start":{"line":27,"column":2},"end":{"line":38,"column":null}},"8":{"start":{"line":40,"column":0},"end":{"line":41,"column":null}},"9":{"start":{"line":43,"column":31},"end":{"line":55,"column":null}},"10":{"start":{"line":47,"column":2},"end":{"line":54,"column":null}},"11":{"start":{"line":56,"column":0},"end":{"line":57,"column":null}},"12":{"start":{"line":59,"column":28},"end":{"line":74,"column":null}},"13":{"start":{"line":63,"column":2},"end":{"line":73,"column":null}},"14":{"start":{"line":75,"column":0},"end":{"line":75,"column":null}},"15":{"start":{"line":77,"column":25},"end":{"line":92,"column":null}},"16":{"start":{"line":83,"column":2},"end":{"line":91,"column":null}},"17":{"start":{"line":93,"column":0},"end":{"line":93,"column":null}},"18":{"start":{"line":95,"column":33},"end":{"line":115,"column":null}},"19":{"start":{"line":99,"column":2},"end":{"line":114,"column":null}},"20":{"start":{"line":116,"column":0},"end":{"line":117,"column":null}},"21":{"start":{"line":119,"column":30},"end":{"line":138,"column":null}},"22":{"start":{"line":123,"column":2},"end":{"line":137,"column":null}},"23":{"start":{"line":139,"column":0},"end":{"line":139,"column":null}},"24":{"start":{"line":141,"column":26},"end":{"line":156,"column":null}},"25":{"start":{"line":147,"column":2},"end":{"line":155,"column":null}},"26":{"start":{"line":157,"column":0},"end":{"line":157,"column":null}},"27":{"start":{"line":159,"column":30},"end":{"line":168,"column":null}},"28":{"start":{"line":163,"column":2},"end":{"line":167,"column":null}},"29":{"start":{"line":169,"column":0},"end":{"line":169,"column":null}},"30":{"start":{"line":171,"column":29},"end":{"line":181,"column":null}},"31":{"start":{"line":175,"column":2},"end":{"line":179,"column":null}},"32":{"start":{"line":182,"column":0},"end":{"line":182,"column":null}}},"fnMap":{"0":{"name":"(anonymous_0)","decl":{"start":{"line":26,"column":2},"end":{"line":26,"column":3}},"loc":{"start":{"line":27,"column":2},"end":{"line":38,"column":null}}},"1":{"name":"(anonymous_1)","decl":{"start":{"line":46,"column":2},"end":{"line":46,"column":3}},"loc":{"start":{"line":47,"column":2},"end":{"line":54,"column":null}}},"2":{"name":"(anonymous_2)","decl":{"start":{"line":62,"column":2},"end":{"line":62,"column":3}},"loc":{"start":{"line":63,"column":2},"end":{"line":73,"column":null}}},"3":{"name":"(anonymous_3)","decl":{"start":{"line":82,"column":2},"end":{"line":82,"column":3}},"loc":{"start":{"line":83,"column":2},"end":{"line":91,"column":null}}},"4":{"name":"(anonymous_4)","decl":{"start":{"line":98,"column":2},"end":{"line":98,"column":3}},"loc":{"start":{"line":99,"column":2},"end":{"line":114,"column":null}}},"5":{"name":"(anonymous_5)","decl":{"start":{"line":122,"column":2},"end":{"line":122,"column":3}},"loc":{"start":{"line":123,"column":2},"end":{"line":137,"column":null}}},"6":{"name":"(anonymous_6)","decl":{"start":{"line":146,"column":2},"end":{"line":146,"column":3}},"loc":{"start":{"line":147,"column":2},"end":{"line":155,"column":null}}},"7":{"name":"(anonymous_7)","decl":{"start":{"line":162,"column":2},"end":{"line":162,"column":3}},"loc":{"start":{"line":163,"column":2},"end":{"line":167,"column":null}}},"8":{"name":"(anonymous_8)","decl":{"start":{"line":171,"column":29},"end":{"line":171,"column":30}},"loc":{"start":{"line":174,"column":45},"end":{"line":181,"column":null}}}},"branchMap":{"0":{"loc":{"start":{"line":31,"column":6},"end":{"line":31,"column":null}},"type":"binary-expr","locations":[{"start":{"line":31,"column":6},"end":{"line":31,"column":15}},{"start":{"line":31,"column":15},"end":{"line":31,"column":null}}]},"1":{"loc":{"start":{"line":62,"column":16},"end":{"line":62,"column":32}},"type":"default-arg","locations":[{"start":{"line":62,"column":29},"end":{"line":62,"column":32}}]},"2":{"loc":{"start":{"line":87,"column":6},"end":{"line":87,"column":null}},"type":"binary-expr","locations":[{"start":{"line":87,"column":6},"end":{"line":87,"column":15}},{"start":{"line":87,"column":15},"end":{"line":87,"column":null}}]},"3":{"loc":{"start":{"line":151,"column":6},"end":{"line":151,"column":null}},"type":"binary-expr","locations":[{"start":{"line":151,"column":6},"end":{"line":151,"column":15}},{"start":{"line":151,"column":15},"end":{"line":151,"column":null}}]}},"s":{"0":0,"1":0,"2":0,"3":0,"4":0,"5":0,"6":0,"7":0,"8":0,"9":0,"10":0,"11":0,"12":0,"13":0,"14":0,"15":0,"16":0,"17":0,"18":0,"19":0,"20":0,"21":0,"22":0,"23":0,"24":0,"25":0,"26":0,"27":0,"28":0,"29":0,"30":0,"31":0,"32":0},"f":{"0":0,"1":0,"2":0,"3":0,"4":0,"5":0,"6":0,"7":0,"8":0},"b":{"0":[0,0],"1":[0],"2":[0,0],"3":[0,0]}}
,"/Users/lazarnikolov/projects/nikolovlazar/nextjs-clean-architecture/app/_components/ui/input.tsx": {"path":"/Users/lazarnikolov/projects/nikolovlazar/nextjs-clean-architecture/app/_components/ui/input.tsx","statementMap":{"0":{"start":{"line":8,"column":14},"end":{"line":22,"column":null}},"1":{"start":{"line":10,"column":4},"end":{"line":19,"column":null}},"2":{"start":{"line":23,"column":0},"end":{"line":23,"column":null}}},"fnMap":{"0":{"name":"(anonymous_0)","decl":{"start":{"line":9,"column":2},"end":{"line":9,"column":3}},"loc":{"start":{"line":9,"column":42},"end":{"line":21,"column":null}}}},"branchMap":{},"s":{"0":0,"1":0,"2":0},"f":{"0":0},"b":{}}
,"/Users/lazarnikolov/projects/nikolovlazar/nextjs-clean-architecture/app/_components/ui/label.tsx": {"path":"/Users/lazarnikolov/projects/nikolovlazar/nextjs-clean-architecture/app/_components/ui/label.tsx","statementMap":{"0":{"start":{"line":9,"column":22},"end":{"line":11,"column":null}},"1":{"start":{"line":13,"column":14},"end":{"line":23,"column":null}},"2":{"start":{"line":18,"column":2},"end":{"line":22,"column":null}},"3":{"start":{"line":24,"column":0},"end":{"line":24,"column":null}}},"fnMap":{"0":{"name":"(anonymous_0)","decl":{"start":{"line":17,"column":2},"end":{"line":17,"column":3}},"loc":{"start":{"line":18,"column":2},"end":{"line":22,"column":null}}}},"branchMap":{},"s":{"0":0,"1":0,"2":0,"3":0},"f":{"0":0},"b":{}}
,"/Users/lazarnikolov/projects/nikolovlazar/nextjs-clean-architecture/app/_components/ui/separator.tsx": {"path":"/Users/lazarnikolov/projects/nikolovlazar/nextjs-clean-architecture/app/_components/ui/separator.tsx","statementMap":{"0":{"start":{"line":8,"column":18},"end":{"line":28,"column":null}},"1":{"start":{"line":16,"column":4},"end":{"line":26,"column":null}},"2":{"start":{"line":29,"column":0},"end":{"line":29,"column":null}}},"fnMap":{"0":{"name":"(anonymous_0)","decl":{"start":{"line":12,"column":2},"end":{"line":12,"column":null}},"loc":{"start":{"line":16,"column":4},"end":{"line":26,"column":null}}}},"branchMap":{"0":{"loc":{"start":{"line":13,"column":17},"end":{"line":13,"column":45}},"type":"default-arg","locations":[{"start":{"line":13,"column":31},"end":{"line":13,"column":45}}]},"1":{"loc":{"start":{"line":13,"column":45},"end":{"line":13,"column":64}},"type":"default-arg","locations":[{"start":{"line":13,"column":58},"end":{"line":13,"column":64}}]},"2":{"loc":{"start":{"line":22,"column":8},"end":{"line":22,"column":null}},"type":"cond-expr","locations":[{"start":{"line":22,"column":39},"end":{"line":22,"column":58}},{"start":{"line":22,"column":58},"end":{"line":22,"column":null}}]}},"s":{"0":0,"1":0,"2":0},"f":{"0":0},"b":{"0":[0],"1":[0],"2":[0,0]}}
,"/Users/lazarnikolov/projects/nikolovlazar/nextjs-clean-architecture/app/_components/ui/sonner.tsx": {"path":"/Users/lazarnikolov/projects/nikolovlazar/nextjs-clean-architecture/app/_components/ui/sonner.tsx","statementMap":{"0":{"start":{"line":8,"column":16},"end":{"line":29,"column":null}},"1":{"start":{"line":9,"column":31},"end":{"line":9,"column":null}},"2":{"start":{"line":11,"column":2},"end":{"line":27,"column":null}}},"fnMap":{"0":{"name":"(anonymous_0)","decl":{"start":{"line":8,"column":16},"end":{"line":8,"column":17}},"loc":{"start":{"line":8,"column":48},"end":{"line":29,"column":null}}}},"branchMap":{"0":{"loc":{"start":{"line":9,"column":10},"end":{"line":9,"column":27}},"type":"default-arg","locations":[{"start":{"line":9,"column":18},"end":{"line":9,"column":27}}]}},"s":{"0":0,"1":0,"2":0},"f":{"0":0},"b":{"0":[0]}}
,"/Users/lazarnikolov/projects/nikolovlazar/nextjs-clean-architecture/app/_components/ui/user-menu.tsx": {"path":"/Users/lazarnikolov/projects/nikolovlazar/nextjs-clean-architecture/app/_components/ui/user-menu.tsx","statementMap":{"0":{"start":{"line":13,"column":2},"end":{"line":25,"column":null}},"1":{"start":{"line":21,"column":68},"end":{"line":21,"column":79}}},"fnMap":{"0":{"name":"UserMenu","decl":{"start":{"line":12,"column":16},"end":{"line":12,"column":27}},"loc":{"start":{"line":12,"column":27},"end":{"line":27,"column":null}}},"1":{"name":"(anonymous_1)","decl":{"start":{"line":21,"column":62},"end":{"line":21,"column":68}},"loc":{"start":{"line":21,"column":68},"end":{"line":21,"column":79}}}},"branchMap":{},"s":{"0":0,"1":0},"f":{"0":0,"1":0},"b":{}}
,"/Users/lazarnikolov/projects/nikolovlazar/nextjs-clean-architecture/di/container.ts": {"path":"/Users/lazarnikolov/projects/nikolovlazar/nextjs-clean-architecture/di/container.ts","statementMap":{"0":{"start":{"line":9,"column":29},"end":{"line":11,"column":null}},"1":{"start":{"line":13,"column":35},"end":{"line":17,"column":null}},"2":{"start":{"line":14,"column":2},"end":{"line":14,"column":null}},"3":{"start":{"line":15,"column":2},"end":{"line":15,"column":null}},"4":{"start":{"line":16,"column":2},"end":{"line":16,"column":null}},"5":{"start":{"line":19,"column":32},"end":{"line":23,"column":null}},"6":{"start":{"line":20,"column":2},"end":{"line":20,"column":null}},"7":{"start":{"line":21,"column":2},"end":{"line":21,"column":null}},"8":{"start":{"line":22,"column":2},"end":{"line":22,"column":null}},"9":{"start":{"line":25,"column":0},"end":{"line":27,"column":null}},"10":{"start":{"line":26,"column":2},"end":{"line":26,"column":null}},"11":{"start":{"line":32,"column":2},"end":{"line":39,"column":null}},"12":{"start":{"line":38,"column":10},"end":{"line":38,"column":null}}},"fnMap":{"0":{"name":"(anonymous_0)","decl":{"start":{"line":13,"column":35},"end":{"line":13,"column":41}},"loc":{"start":{"line":13,"column":41},"end":{"line":17,"column":null}}},"1":{"name":"(anonymous_1)","decl":{"start":{"line":19,"column":32},"end":{"line":19,"column":38}},"loc":{"start":{"line":19,"column":38},"end":{"line":23,"column":null}}},"2":{"name":"getInjection","decl":{"start":{"line":29,"column":16},"end":{"line":29,"column":null}},"loc":{"start":{"line":31,"column":22},"end":{"line":40,"column":null}}},"3":{"name":"(anonymous_3)","decl":{"start":{"line":38,"column":4},"end":{"line":38,"column":10}},"loc":{"start":{"line":38,"column":10},"end":{"line":38,"column":null}}}},"branchMap":{"0":{"loc":{"start":{"line":25,"column":0},"end":{"line":27,"column":null}},"type":"if","locations":[{"start":{"line":25,"column":0},"end":{"line":27,"column":null}},{"start":{},"end":{}}]}},"s":{"0":12,"1":12,"2":27,"3":27,"4":27,"5":12,"6":27,"7":27,"8":27,"9":12,"10":0,"11":90,"12":90},"f":{"0":27,"1":27,"2":90,"3":90},"b":{"0":[0,12]}}
,"/Users/lazarnikolov/projects/nikolovlazar/nextjs-clean-architecture/di/types.ts": {"path":"/Users/lazarnikolov/projects/nikolovlazar/nextjs-clean-architecture/di/types.ts","statementMap":{"0":{"start":{"line":5,"column":26},"end":{"line":12,"column":null}}},"fnMap":{},"branchMap":{},"s":{"0":12},"f":{},"b":{}}
,"/Users/lazarnikolov/projects/nikolovlazar/nextjs-clean-architecture/di/modules/authentication.module.ts": {"path":"/Users/lazarnikolov/projects/nikolovlazar/nextjs-clean-architecture/di/modules/authentication.module.ts","statementMap":{"0":{"start":{"line":9,"column":25},"end":{"line":19,"column":null}},"1":{"start":{"line":10,"column":2},"end":{"line":18,"column":null}},"2":{"start":{"line":11,"column":4},"end":{"line":13,"column":null}},"3":{"start":{"line":15,"column":4},"end":{"line":17,"column":null}},"4":{"start":{"line":21,"column":36},"end":{"line":21,"column":null}}},"fnMap":{"0":{"name":"(anonymous_0)","decl":{"start":{"line":9,"column":25},"end":{"line":9,"column":26}},"loc":{"start":{"line":9,"column":52},"end":{"line":19,"column":null}}}},"branchMap":{"0":{"loc":{"start":{"line":10,"column":2},"end":{"line":18,"column":null}},"type":"if","locations":[{"start":{"line":10,"column":2},"end":{"line":18,"column":null}},{"start":{"line":14,"column":9},"end":{"line":18,"column":null}}]}},"s":{"0":12,"1":27,"2":27,"3":0,"4":12},"f":{"0":27},"b":{"0":[27,0]}}
,"/Users/lazarnikolov/projects/nikolovlazar/nextjs-clean-architecture/di/modules/todos.module.ts": {"path":"/Users/lazarnikolov/projects/nikolovlazar/nextjs-clean-architecture/di/modules/todos.module.ts","statementMap":{"0":{"start":{"line":9,"column":25},"end":{"line":15,"column":null}},"1":{"start":{"line":10,"column":2},"end":{"line":14,"column":null}},"2":{"start":{"line":11,"column":4},"end":{"line":11,"column":null}},"3":{"start":{"line":13,"column":4},"end":{"line":13,"column":null}},"4":{"start":{"line":17,"column":27},"end":{"line":17,"column":null}}},"fnMap":{"0":{"name":"(anonymous_0)","decl":{"start":{"line":9,"column":25},"end":{"line":9,"column":26}},"loc":{"start":{"line":9,"column":52},"end":{"line":15,"column":null}}}},"branchMap":{"0":{"loc":{"start":{"line":10,"column":2},"end":{"line":14,"column":null}},"type":"if","locations":[{"start":{"line":10,"column":2},"end":{"line":14,"column":null}},{"start":{"line":12,"column":9},"end":{"line":14,"column":null}}]}},"s":{"0":12,"1":27,"2":27,"3":0,"4":12},"f":{"0":27},"b":{"0":[27,0]}}
,"/Users/lazarnikolov/projects/nikolovlazar/nextjs-clean-architecture/di/modules/users.module.ts": {"path":"/Users/lazarnikolov/projects/nikolovlazar/nextjs-clean-architecture/di/modules/users.module.ts","statementMap":{"0":{"start":{"line":9,"column":25},"end":{"line":15,"column":null}},"1":{"start":{"line":10,"column":2},"end":{"line":14,"column":null}},"2":{"start":{"line":11,"column":4},"end":{"line":11,"column":null}},"3":{"start":{"line":13,"column":4},"end":{"line":13,"column":null}},"4":{"start":{"line":17,"column":27},"end":{"line":17,"column":null}}},"fnMap":{"0":{"name":"(anonymous_0)","decl":{"start":{"line":9,"column":25},"end":{"line":9,"column":26}},"loc":{"start":{"line":9,"column":52},"end":{"line":15,"column":null}}}},"branchMap":{"0":{"loc":{"start":{"line":10,"column":2},"end":{"line":14,"column":null}},"type":"if","locations":[{"start":{"line":10,"column":2},"end":{"line":14,"column":null}},{"start":{"line":12,"column":9},"end":{"line":14,"column":null}}]}},"s":{"0":12,"1":27,"2":27,"3":0,"4":12},"f":{"0":27},"b":{"0":[27,0]}}
,"/Users/lazarnikolov/projects/nikolovlazar/nextjs-clean-architecture/drizzle/index.ts": {"path":"/Users/lazarnikolov/projects/nikolovlazar/nextjs-clean-architecture/drizzle/index.ts","statementMap":{"0":{"start":{"line":8,"column":15},"end":{"line":8,"column":null}},"1":{"start":{"line":9,"column":18},"end":{"line":9,"column":null}},"2":{"start":{"line":12,"column":0},"end":{"line":12,"column":null}},"3":{"start":{"line":15,"column":28},"end":{"line":15,"column":null}}},"fnMap":{},"branchMap":{},"s":{"0":12,"1":12,"2":12,"3":12},"f":{},"b":{}}
,"/Users/lazarnikolov/projects/nikolovlazar/nextjs-clean-architecture/drizzle/schema.ts": {"path":"/Users/lazarnikolov/projects/nikolovlazar/nextjs-clean-architecture/drizzle/schema.ts","statementMap":{"0":{"start":{"line":3,"column":21},"end":{"line":7,"column":null}},"1":{"start":{"line":9,"column":24},"end":{"line":15,"column":null}},"2":{"start":{"line":13,"column":22},"end":{"line":13,"column":30}},"3":{"start":{"line":17,"column":21},"end":{"line":24,"column":null}},"4":{"start":{"line":23,"column":22},"end":{"line":23,"column":30}}},"fnMap":{"0":{"name":"(anonymous_0)","decl":{"start":{"line":13,"column":16},"end":{"line":13,"column":22}},"loc":{"start":{"line":13,"column":22},"end":{"line":13,"column":30}}},"1":{"name":"(anonymous_1)","decl":{"start":{"line":23,"column":16},"end":{"line":23,"column":22}},"loc":{"start":{"line":23,"column":22},"end":{"line":23,"column":30}}}},"branchMap":{},"s":{"0":12,"1":12,"2":0,"3":12,"4":0},"f":{"0":0,"1":0},"b":{}}
,"/Users/lazarnikolov/projects/nikolovlazar/nextjs-clean-architecture/src/application/use-cases/auth/sign-in.use-case.ts": {"path":"/Users/lazarnikolov/projects/nikolovlazar/nextjs-clean-architecture/src/application/use-cases/auth/sign-in.use-case.ts","statementMap":{"0":{"start":{"line":13,"column":2},"end":{"line":41,"column":null}},"1":{"start":{"line":14,"column":34},"end":{"line":14,"column":null}},"2":{"start":{"line":15,"column":28},"end":{"line":15,"column":null}},"3":{"start":{"line":17,"column":25},"end":{"line":19,"column":null}},"4":{"start":{"line":21,"column":4},"end":{"line":23,"column":null}},"5":{"start":{"line":22,"column":6},"end":{"line":22,"column":null}},"6":{"start":{"line":25,"column":26},"end":{"line":34,"column":null}},"7":{"start":{"line":28,"column":8},"end":{"line":33,"column":null}},"8":{"start":{"line":36,"column":4},"end":{"line":38,"column":null}},"9":{"start":{"line":37,"column":6},"end":{"line":37,"column":null}},"10":{"start":{"line":40,"column":4},"end":{"line":40,"column":null}}},"fnMap":{"0":{"name":"signInUseCase","decl":{"start":{"line":9,"column":16},"end":{"line":9,"column":30}},"loc":{"start":{"line":12,"column":50},"end":{"line":42,"column":null}}},"1":{"name":"(anonymous_1)","decl":{"start":{"line":13,"column":64},"end":{"line":13,"column":76}},"loc":{"start":{"line":13,"column":76},"end":{"line":41,"column":3}}},"2":{"name":"(anonymous_2)","decl":{"start":{"line":27,"column":6},"end":{"line":27,"column":null}},"loc":{"start":{"line":28,"column":8},"end":{"line":33,"column":null}}}},"branchMap":{"0":{"loc":{"start":{"line":21,"column":4},"end":{"line":23,"column":null}},"type":"if","locations":[{"start":{"line":21,"column":4},"end":{"line":23,"column":null}},{"start":{},"end":{}}]},"1":{"loc":{"start":{"line":36,"column":4},"end":{"line":38,"column":null}},"type":"if","locations":[{"start":{"line":36,"column":4},"end":{"line":38,"column":null}},{"start":{},"end":{}}]}},"s":{"0":22,"1":22,"2":22,"3":22,"4":22,"5":2,"6":20,"7":20,"8":20,"9":2,"10":18},"f":{"0":22,"1":22,"2":20},"b":{"0":[2,20],"1":[2,18]}}
,"/Users/lazarnikolov/projects/nikolovlazar/nextjs-clean-architecture/src/application/use-cases/auth/sign-out.use-case.ts": {"path":"/Users/lazarnikolov/projects/nikolovlazar/nextjs-clean-architecture/src/application/use-cases/auth/sign-out.use-case.ts","statementMap":{"0":{"start":{"line":9,"column":2},"end":{"line":13,"column":null}},"1":{"start":{"line":10,"column":34},"end":{"line":10,"column":null}},"2":{"start":{"line":12,"column":4},"end":{"line":12,"column":null}}},"fnMap":{"0":{"name":"signOutUseCase","decl":{"start":{"line":6,"column":16},"end":{"line":6,"column":null}},"loc":{"start":{"line":8,"column":36},"end":{"line":14,"column":null}}},"1":{"name":"(anonymous_1)","decl":{"start":{"line":9,"column":65},"end":{"line":9,"column":77}},"loc":{"start":{"line":9,"column":77},"end":{"line":13,"column":3}}}},"branchMap":{},"s":{"0":5,"1":5,"2":5},"f":{"0":5,"1":5},"b":{}}
,"/Users/lazarnikolov/projects/nikolovlazar/nextjs-clean-architecture/src/application/use-cases/auth/sign-up.use-case.ts": {"path":"/Users/lazarnikolov/projects/nikolovlazar/nextjs-clean-architecture/src/application/use-cases/auth/sign-up.use-case.ts","statementMap":{"0":{"start":{"line":18,"column":2},"end":{"line":56,"column":null}},"1":{"start":{"line":19,"column":28},"end":{"line":19,"column":null}},"2":{"start":{"line":20,"column":17},"end":{"line":20,"column":null}},"3":{"start":{"line":21,"column":4},"end":{"line":23,"column":null}},"4":{"start":{"line":22,"column":6},"end":{"line":22,"column":null}},"5":{"start":{"line":25,"column":25},"end":{"line":34,"column":null}},"6":{"start":{"line":28,"column":8},"end":{"line":33,"column":null}},"7":{"start":{"line":36,"column":34},"end":{"line":36,"column":null}},"8":{"start":{"line":37,"column":19},"end":{"line":37,"column":null}},"9":{"start":{"line":39,"column":20},"end":{"line":43,"column":null}},"10":{"start":{"line":46,"column":6},"end":{"line":46,"column":null}},"11":{"start":{"line":48,"column":4},"end":{"line":55,"column":null}}},"fnMap":{"0":{"name":"signUpUseCase","decl":{"start":{"line":10,"column":16},"end":{"line":10,"column":30}},"loc":{"start":{"line":17,"column":3},"end":{"line":57,"column":null}}},"1":{"name":"(anonymous_1)","decl":{"start":{"line":18,"column":64},"end":{"line":18,"column":76}},"loc":{"start":{"line":18,"column":76},"end":{"line":56,"column":3}}},"2":{"name":"(anonymous_2)","decl":{"start":{"line":27,"column":6},"end":{"line":27,"column":null}},"loc":{"start":{"line":28,"column":8},"end":{"line":33,"column":null}}}},"branchMap":{"0":{"loc":{"start":{"line":21,"column":4},"end":{"line":23,"column":null}},"type":"if","locations":[{"start":{"line":21,"column":4},"end":{"line":23,"column":null}},{"start":{},"end":{}}]}},"s":{"0":4,"1":4,"2":4,"3":4,"4":2,"5":2,"6":2,"7":2,"8":2,"9":2,"10":2,"11":2},"f":{"0":4,"1":4,"2":2},"b":{"0":[2,2]}}
,"/Users/lazarnikolov/projects/nikolovlazar/nextjs-clean-architecture/src/application/use-cases/todos/create-todo.use-case.ts": {"path":"/Users/lazarnikolov/projects/nikolovlazar/nextjs-clean-architecture/src/application/use-cases/todos/create-todo.use-case.ts","statementMap":{"0":{"start":{"line":12,"column":2},"end":{"line":28,"column":null}},"1":{"start":{"line":15,"column":30},"end":{"line":15,"column":null}},"2":{"start":{"line":20,"column":22},"end":{"line":24,"column":null}},"3":{"start":{"line":26,"column":6},"end":{"line":26,"column":null}}},"fnMap":{"0":{"name":"createTodoUseCase","decl":{"start":{"line":6,"column":16},"end":{"line":6,"column":null}},"loc":{"start":{"line":11,"column":17},"end":{"line":29,"column":null}}},"1":{"name":"(anonymous_1)","decl":{"start":{"line":14,"column":4},"end":{"line":14,"column":16}},"loc":{"start":{"line":14,"column":16},"end":{"line":27,"column":null}}}},"branchMap":{},"s":{"0":13,"1":13,"2":13,"3":13},"f":{"0":13,"1":13},"b":{}}
,"/Users/lazarnikolov/projects/nikolovlazar/nextjs-clean-architecture/src/application/use-cases/todos/get-todos-for-user.use-case.ts": {"path":"/Users/lazarnikolov/projects/nikolovlazar/nextjs-clean-architecture/src/application/use-cases/todos/get-todos-for-user.use-case.ts","statementMap":{"0":{"start":{"line":7,"column":2},"end":{"line":14,"column":null}},"1":{"start":{"line":10,"column":30},"end":{"line":10,"column":null}},"2":{"start":{"line":12,"column":6},"end":{"line":12,"column":null}}},"fnMap":{"0":{"name":"getTodosForUserUseCase","decl":{"start":{"line":6,"column":16},"end":{"line":6,"column":39}},"loc":{"start":{"line":6,"column":72},"end":{"line":15,"column":null}}},"1":{"name":"(anonymous_1)","decl":{"start":{"line":9,"column":4},"end":{"line":9,"column":16}},"loc":{"start":{"line":9,"column":16},"end":{"line":13,"column":null}}}},"branchMap":{},"s":{"0":4,"1":4,"2":4},"f":{"0":4,"1":4},"b":{}}
,"/Users/lazarnikolov/projects/nikolovlazar/nextjs-clean-architecture/src/application/use-cases/todos/toggle-todo.use-case.ts": {"path":"/Users/lazarnikolov/projects/nikolovlazar/nextjs-clean-architecture/src/application/use-cases/todos/toggle-todo.use-case.ts","statementMap":{"0":{"start":{"line":14,"column":2},"end":{"line":35,"column":null}},"1":{"start":{"line":17,"column":30},"end":{"line":17,"column":null}},"2":{"start":{"line":19,"column":19},"end":{"line":19,"column":null}},"3":{"start":{"line":21,"column":6},"end":{"line":23,"column":null}},"4":{"start":{"line":22,"column":8},"end":{"line":22,"column":null}},"5":{"start":{"line":25,"column":6},"end":{"line":27,"column":null}},"6":{"start":{"line":26,"column":8},"end":{"line":26,"column":null}},"7":{"start":{"line":29,"column":26},"end":{"line":31,"column":null}},"8":{"start":{"line":33,"column":6},"end":{"line":33,"column":null}}},"fnMap":{"0":{"name":"toggleTodoUseCase","decl":{"start":{"line":8,"column":16},"end":{"line":8,"column":null}},"loc":{"start":{"line":13,"column":17},"end":{"line":36,"column":null}}},"1":{"name":"(anonymous_1)","decl":{"start":{"line":16,"column":4},"end":{"line":16,"column":16}},"loc":{"start":{"line":16,"column":16},"end":{"line":34,"column":null}}}},"branchMap":{"0":{"loc":{"start":{"line":21,"column":6},"end":{"line":23,"column":null}},"type":"if","locations":[{"start":{"line":21,"column":6},"end":{"line":23,"column":null}},{"start":{},"end":{}}]},"1":{"loc":{"start":{"line":25,"column":6},"end":{"line":27,"column":null}},"type":"if","locations":[{"start":{"line":25,"column":6},"end":{"line":27,"column":null}},{"start":{},"end":{}}]}},"s":{"0":6,"1":6,"2":6,"3":6,"4":1,"5":5,"6":2,"7":3,"8":3},"f":{"0":6,"1":6},"b":{"0":[1,5],"1":[2,3]}}
,"/Users/lazarnikolov/projects/nikolovlazar/nextjs-clean-architecture/src/entities/errors/auth.ts": {"path":"/Users/lazarnikolov/projects/nikolovlazar/nextjs-clean-architecture/src/entities/errors/auth.ts","statementMap":{"0":{"start":{"line":3,"column":4},"end":{"line":3,"column":null}},"1":{"start":{"line":9,"column":4},"end":{"line":9,"column":null}},"2":{"start":{"line":15,"column":4},"end":{"line":15,"column":null}}},"fnMap":{"0":{"name":"(anonymous_0)","decl":{"start":{"line":2,"column":2},"end":{"line":2,"column":14}},"loc":{"start":{"line":2,"column":55},"end":{"line":4,"column":null}}},"1":{"name":"(anonymous_1)","decl":{"start":{"line":8,"column":2},"end":{"line":8,"column":14}},"loc":{"start":{"line":8,"column":55},"end":{"line":10,"column":null}}},"2":{"name":"(anonymous_2)","decl":{"start":{"line":14,"column":2},"end":{"line":14,"column":14}},"loc":{"start":{"line":14,"column":55},"end":{"line":16,"column":null}}}},"branchMap":{},"s":{"0":6,"1":5,"2":2},"f":{"0":6,"1":5,"2":2},"b":{}}
,"/Users/lazarnikolov/projects/nikolovlazar/nextjs-clean-architecture/src/entities/errors/common.ts": {"path":"/Users/lazarnikolov/projects/nikolovlazar/nextjs-clean-architecture/src/entities/errors/common.ts","statementMap":{"0":{"start":{"line":3,"column":4},"end":{"line":3,"column":null}},"1":{"start":{"line":9,"column":4},"end":{"line":9,"column":null}},"2":{"start":{"line":15,"column":4},"end":{"line":15,"column":null}}},"fnMap":{"0":{"name":"(anonymous_0)","decl":{"start":{"line":2,"column":2},"end":{"line":2,"column":14}},"loc":{"start":{"line":2,"column":55},"end":{"line":4,"column":null}}},"1":{"name":"(anonymous_1)","decl":{"start":{"line":8,"column":2},"end":{"line":8,"column":14}},"loc":{"start":{"line":8,"column":55},"end":{"line":10,"column":null}}},"2":{"name":"(anonymous_2)","decl":{"start":{"line":14,"column":2},"end":{"line":14,"column":14}},"loc":{"start":{"line":14,"column":55},"end":{"line":16,"column":null}}}},"branchMap":{},"s":{"0":0,"1":1,"2":16},"f":{"0":0,"1":1,"2":16},"b":{}}
,"/Users/lazarnikolov/projects/nikolovlazar/nextjs-clean-architecture/src/entities/models/session.ts": {"path":"/Users/lazarnikolov/projects/nikolovlazar/nextjs-clean-architecture/src/entities/models/session.ts","statementMap":{"0":{"start":{"line":3,"column":29},"end":{"line":7,"column":null}}},"fnMap":{},"branchMap":{},"s":{"0":12},"f":{},"b":{}}
,"/Users/lazarnikolov/projects/nikolovlazar/nextjs-clean-architecture/src/entities/models/todo.ts": {"path":"/Users/lazarnikolov/projects/nikolovlazar/nextjs-clean-architecture/src/entities/models/todo.ts","statementMap":{"0":{"start":{"line":3,"column":32},"end":{"line":8,"column":null}},"1":{"start":{"line":11,"column":32},"end":{"line":15,"column":null}}},"fnMap":{},"branchMap":{},"s":{"0":0,"1":0},"f":{},"b":{}}
,"/Users/lazarnikolov/projects/nikolovlazar/nextjs-clean-architecture/src/entities/models/user.ts": {"path":"/Users/lazarnikolov/projects/nikolovlazar/nextjs-clean-architecture/src/entities/models/user.ts","statementMap":{"0":{"start":{"line":3,"column":26},"end":{"line":7,"column":null}}},"fnMap":{},"branchMap":{},"s":{"0":0},"f":{},"b":{}}
,"/Users/lazarnikolov/projects/nikolovlazar/nextjs-clean-architecture/src/infrastructure/repositories/todos.repository.mock.ts": {"path":"/Users/lazarnikolov/projects/nikolovlazar/nextjs-clean-architecture/src/infrastructure/repositories/todos.repository.mock.ts","statementMap":{"0":{"start":{"line":7,"column":7},"end":{"line":40,"column":null}},"1":{"start":{"line":11,"column":4},"end":{"line":11,"column":null}},"2":{"start":{"line":15,"column":15},"end":{"line":15,"column":null}},"3":{"start":{"line":16,"column":20},"end":{"line":16,"column":null}},"4":{"start":{"line":17,"column":4},"end":{"line":17,"column":null}},"5":{"start":{"line":18,"column":4},"end":{"line":18,"column":null}},"6":{"start":{"line":22,"column":17},"end":{"line":22,"column":null}},"7":{"start":{"line":22,"column":41},"end":{"line":22,"column":52}},"8":{"start":{"line":23,"column":4},"end":{"line":23,"column":null}},"9":{"start":{"line":27,"column":23},"end":{"line":27,"column":null}},"10":{"start":{"line":27,"column":49},"end":{"line":27,"column":68}},"11":{"start":{"line":28,"column":4},"end":{"line":28,"column":null}},"12":{"start":{"line":32,"column":26},"end":{"line":32,"column":null}},"13":{"start":{"line":32,"column":55},"end":{"line":32,"column":66}},"14":{"start":{"line":33,"column":20},"end":{"line":36,"column":null}},"15":{"start":{"line":37,"column":4},"end":{"line":37,"column":null}},"16":{"start":{"line":38,"column":4},"end":{"line":38,"column":null}},"17":{"start":{"line":7,"column":13},"end":{"line":7,"column":61}}},"fnMap":{"0":{"name":"(anonymous_1)","decl":{"start":{"line":10,"column":2},"end":{"line":10,"column":16}},"loc":{"start":{"line":10,"column":16},"end":{"line":12,"column":null}}},"1":{"name":"(anonymous_2)","decl":{"start":{"line":14,"column":2},"end":{"line":14,"column":8}},"loc":{"start":{"line":14,"column":52},"end":{"line":19,"column":null}}},"2":{"name":"(anonymous_3)","decl":{"start":{"line":21,"column":2},"end":{"line":21,"column":8}},"loc":{"start":{"line":21,"column":55},"end":{"line":24,"column":null}}},"3":{"name":"(anonymous_4)","decl":{"start":{"line":22,"column":34},"end":{"line":22,"column":35}},"loc":{"start":{"line":22,"column":41},"end":{"line":22,"column":52}}},"4":{"name":"(anonymous_5)","decl":{"start":{"line":26,"column":2},"end":{"line":26,"column":8}},"loc":{"start":{"line":26,"column":57},"end":{"line":29,"column":null}}},"5":{"name":"(anonymous_6)","decl":{"start":{"line":27,"column":42},"end":{"line":27,"column":43}},"loc":{"start":{"line":27,"column":49},"end":{"line":27,"column":68}}},"6":{"name":"(anonymous_7)","decl":{"start":{"line":31,"column":2},"end":{"line":31,"column":8}},"loc":{"start":{"line":31,"column":74},"end":{"line":39,"column":null}}},"7":{"name":"(anonymous_8)","decl":{"start":{"line":32,"column":48},"end":{"line":32,"column":49}},"loc":{"start":{"line":32,"column":55},"end":{"line":32,"column":66}}}},"branchMap":{},"s":{"0":12,"1":10,"2":13,"3":13,"4":13,"5":13,"6":6,"7":5,"8":6,"9":4,"10":6,"11":4,"12":3,"13":3,"14":3,"15":3,"16":3,"17":12},"f":{"0":10,"1":13,"2":6,"3":5,"4":4,"5":6,"6":3,"7":3},"b":{}}
,"/Users/lazarnikolov/projects/nikolovlazar/nextjs-clean-architecture/src/infrastructure/repositories/todos.repository.ts": {"path":"/Users/lazarnikolov/projects/nikolovlazar/nextjs-clean-architecture/src/infrastructure/repositories/todos.repository.ts","statementMap":{"0":{"start":{"line":12,"column":7},"end":{"line":119,"column":null}},"1":{"start":{"line":14,"column":4},"end":{"line":39,"column":null}},"2":{"start":{"line":17,"column":8},"end":{"line":37,"column":null}},"3":{"start":{"line":18,"column":24},"end":{"line":18,"column":null}},"4":{"start":{"line":20,"column":28},"end":{"line":27,"column":null}},"5":{"start":{"line":26,"column":18},"end":{"line":26,"column":null}},"6":{"start":{"line":29,"column":10},"end":{"line":33,"column":null}},"7":{"start":{"line":30,"column":12},"end":{"line":30,"column":null}},"8":{"start":{"line":32,"column":12},"end":{"line":32,"column":null}},"9":{"start":{"line":35,"column":10},"end":{"line":35,"column":null}},"10":{"start":{"line":36,"column":10},"end":{"line":36,"column":null}},"11":{"start":{"line":43,"column":4},"end":{"line":63,"column":null}},"12":{"start":{"line":44,"column":6},"end":{"line":62,"column":null}},"13":{"start":{"line":45,"column":22},"end":{"line":47,"column":null}},"14":{"start":{"line":49,"column":21},"end":{"line":56,"column":null}},"15":{"start":{"line":55,"column":16},"end":{"line":55,"column":null}},"16":{"start":{"line":58,"column":8},"end":{"line":58,"column":null}},"17":{"start":{"line":60,"column":8},"end":{"line":60,"column":null}},"18":{"start":{"line":61,"column":8},"end":{"line":61,"column":null}},"19":{"start":{"line":67,"column":4},"end":{"line":89,"column":null}},"20":{"start":{"line":70,"column":8},"end":{"line":87,"column":null}},"21":{"start":{"line":71,"column":24},"end":{"line":73,"column":null}},"22":{"start":{"line":75,"column":29},"end":{"line":82,"column":null}},"23":{"start":{"line":81,"column":18},"end":{"line":81,"column":null}},"24":{"start":{"line":83,"column":10},"end":{"line":83,"column":null}},"25":{"start":{"line":85,"column":10},"end":{"line":85,"column":null}},"26":{"start":{"line":86,"column":10},"end":{"line":86,"column":null}},"27":{"start":{"line":93,"column":4},"end":{"line":117,"column":null}},"28":{"start":{"line":96,"column":8},"end":{"line":115,"column":null}},"29":{"start":{"line":97,"column":24},"end":{"line":101,"column":null}},"30":{"start":{"line":103,"column":28},"end":{"line":110,"column":null}},"31":{"start":{"line":109,"column":18},"end":{"line":109,"column":null}},"32":{"start":{"line":111,"column":10},"end":{"line":111,"column":null}},"33":{"start":{"line":113,"column":10},"end":{"line":113,"column":null}},"34":{"start":{"line":114,"column":10},"end":{"line":114,"column":null}},"35":{"start":{"line":12,"column":13},"end":{"line":12,"column":57}}},"fnMap":{"0":{"name":"(anonymous_1)","decl":{"start":{"line":13,"column":2},"end":{"line":13,"column":8}},"loc":{"start":{"line":13,"column":52},"end":{"line":40,"column":null}}},"1":{"name":"(anonymous_2)","decl":{"start":{"line":16,"column":6},"end":{"line":16,"column":18}},"loc":{"start":{"line":16,"column":18},"end":{"line":38,"column":null}}},"2":{"name":"(anonymous_3)","decl":{"start":{"line":26,"column":12},"end":{"line":26,"column":18}},"loc":{"start":{"line":26,"column":18},"end":{"line":26,"column":null}}},"3":{"name":"(anonymous_4)","decl":{"start":{"line":42,"column":2},"end":{"line":42,"column":8}},"loc":{"start":{"line":42,"column":55},"end":{"line":64,"column":null}}},"4":{"name":"(anonymous_5)","decl":{"start":{"line":43,"column":66},"end":{"line":43,"column":78}},"loc":{"start":{"line":43,"column":78},"end":{"line":63,"column":5}}},"5":{"name":"(anonymous_6)","decl":{"start":{"line":55,"column":10},"end":{"line":55,"column":16}},"loc":{"start":{"line":55,"column":16},"end":{"line":55,"column":null}}},"6":{"name":"(anonymous_7)","decl":{"start":{"line":66,"column":2},"end":{"line":66,"column":8}},"loc":{"start":{"line":66,"column":57},"end":{"line":90,"column":null}}},"7":{"name":"(anonymous_8)","decl":{"start":{"line":69,"column":6},"end":{"line":69,"column":18}},"loc":{"start":{"line":69,"column":18},"end":{"line":88,"column":null}}},"8":{"name":"(anonymous_9)","decl":{"start":{"line":81,"column":12},"end":{"line":81,"column":18}},"loc":{"start":{"line":81,"column":18},"end":{"line":81,"column":null}}},"9":{"name":"(anonymous_10)","decl":{"start":{"line":92,"column":2},"end":{"line":92,"column":8}},"loc":{"start":{"line":92,"column":74},"end":{"line":118,"column":null}}},"10":{"name":"(anonymous_11)","decl":{"start":{"line":95,"column":6},"end":{"line":95,"column":18}},"loc":{"start":{"line":95,"column":18},"end":{"line":116,"column":null}}},"11":{"name":"(anonymous_12)","decl":{"start":{"line":109,"column":12},"end":{"line":109,"column":18}},"loc":{"start":{"line":109,"column":18},"end":{"line":109,"column":null}}}},"branchMap":{"0":{"loc":{"start":{"line":29,"column":10},"end":{"line":33,"column":null}},"type":"if","locations":[{"start":{"line":29,"column":10},"end":{"line":33,"column":null}},{"start":{"line":31,"column":17},"end":{"line":33,"column":null}}]}},"s":{"0":12,"1":0,"2":0,"3":0,"4":0,"5":0,"6":0,"7":0,"8":0,"9":0,"10":0,"11":0,"12":0,"13":0,"14":0,"15":0,"16":0,"17":0,"18":0,"19":0,"20":0,"21":0,"22":0,"23":0,"24":0,"25":0,"26":0,"27":0,"28":0,"29":0,"30":0,"31":0,"32":0,"33":0,"34":0,"35":12},"f":{"0":0,"1":0,"2":0,"3":0,"4":0,"5":0,"6":0,"7":0,"8":0,"9":0,"10":0,"11":0},"b":{"0":[0,0]}}
,"/Users/lazarnikolov/projects/nikolovlazar/nextjs-clean-architecture/src/infrastructure/repositories/users.repository.mock.ts": {"path":"/Users/lazarnikolov/projects/nikolovlazar/nextjs-clean-architecture/src/infrastructure/repositories/users.repository.mock.ts","statementMap":{"0":{"start":{"line":7,"column":7},"end":{"line":49,"column":null}},"1":{"start":{"line":11,"column":24},"end":{"line":16,"column":null}},"2":{"start":{"line":18,"column":4},"end":{"line":34,"column":null}},"3":{"start":{"line":38,"column":17},"end":{"line":38,"column":null}},"4":{"start":{"line":38,"column":41},"end":{"line":38,"column":52}},"5":{"start":{"line":39,"column":4},"end":{"line":39,"column":null}},"6":{"start":{"line":42,"column":17},"end":{"line":42,"column":null}},"7":{"start":{"line":42,"column":41},"end":{"line":42,"column":64}},"8":{"start":{"line":43,"column":4},"end":{"line":43,"column":null}},"9":{"start":{"line":46,"column":4},"end":{"line":46,"column":null}},"10":{"start":{"line":47,"column":4},"end":{"line":47,"column":null}},"11":{"start":{"line":7,"column":13},"end":{"line":7,"column":61}}},"fnMap":{"0":{"name":"(anonymous_1)","decl":{"start":{"line":10,"column":2},"end":{"line":10,"column":16}},"loc":{"start":{"line":10,"column":16},"end":{"line":35,"column":null}}},"1":{"name":"(anonymous_2)","decl":{"start":{"line":37,"column":2},"end":{"line":37,"column":8}},"loc":{"start":{"line":37,"column":55},"end":{"line":40,"column":null}}},"2":{"name":"(anonymous_3)","decl":{"start":{"line":38,"column":34},"end":{"line":38,"column":35}},"loc":{"start":{"line":38,"column":41},"end":{"line":38,"column":52}}},"3":{"name":"(anonymous_4)","decl":{"start":{"line":41,"column":2},"end":{"line":41,"column":8}},"loc":{"start":{"line":41,"column":71},"end":{"line":44,"column":null}}},"4":{"name":"(anonymous_5)","decl":{"start":{"line":42,"column":34},"end":{"line":42,"column":35}},"loc":{"start":{"line":42,"column":41},"end":{"line":42,"column":64}}},"5":{"name":"(anonymous_6)","decl":{"start":{"line":45,"column":2},"end":{"line":45,"column":8}},"loc":{"start":{"line":45,"column":47},"end":{"line":48,"column":null}}}},"branchMap":{},"s":{"0":12,"1":22,"2":22,"3":11,"4":12,"5":11,"6":26,"7":36,"8":26,"9":2,"10":2,"11":12},"f":{"0":22,"1":11,"2":12,"3":26,"4":36,"5":2},"b":{}}
,"/Users/lazarnikolov/projects/nikolovlazar/nextjs-clean-architecture/src/infrastructure/repositories/users.repository.ts": {"path":"/Users/lazarnikolov/projects/nikolovlazar/nextjs-clean-architecture/src/infrastructure/repositories/users.repository.ts","statementMap":{"0":{"start":{"line":12,"column":7},"end":{"line":90,"column":null}},"1":{"start":{"line":14,"column":4},"end":{"line":34,"column":null}},"2":{"start":{"line":15,"column":6},"end":{"line":33,"column":null}},"3":{"start":{"line":16,"column":22},"end":{"line":18,"column":null}},"4":{"start":{"line":20,"column":21},"end":{"line":27,"column":null}},"5":{"start":{"line":26,"column":16},"end":{"line":26,"column":null}},"6":{"start":{"line":29,"column":8},"end":{"line":29,"column":null}},"7":{"start":{"line":31,"column":8},"end":{"line":31,"column":null}},"8":{"start":{"line":32,"column":8},"end":{"line":32,"column":null}},"9":{"start":{"line":37,"column":4},"end":{"line":60,"column":null}},"10":{"start":{"line":40,"column":8},"end":{"line":58,"column":null}},"11":{"start":{"line":41,"column":24},"end":{"line":43,"column":null}},"12":{"start":{"line":45,"column":23},"end":{"line":52,"column":null}},"13":{"start":{"line":51,"column":18},"end":{"line":51,"column":null}},"14":{"start":{"line":54,"column":10},"end":{"line":54,"column":null}},"15":{"start":{"line":56,"column":10},"end":{"line":56,"column":null}},"16":{"start":{"line":57,"column":10},"end":{"line":57,"column":null}},"17":{"start":{"line":63,"column":4},"end":{"line":88,"column":null}},"18":{"start":{"line":66,"column":8},"end":{"line":86,"column":null}},"19":{"start":{"line":67,"column":24},"end":{"line":67,"column":null}},"20":{"start":{"line":69,"column":28},"end":{"line":76,"column":null}},"21":{"start":{"line":75,"column":18},"end":{"line":75,"column":null}},"22":{"start":{"line":78,"column":10},"end":{"line":82,"column":null}},"23":{"start":{"line":79,"column":12},"end":{"line":79,"column":null}},"24":{"start":{"line":81,"column":12},"end":{"line":81,"column":null}},"25":{"start":{"line":84,"column":10},"end":{"line":84,"column":null}},"26":{"start":{"line":85,"column":10},"end":{"line":85,"column":null}},"27":{"start":{"line":12,"column":13},"end":{"line":12,"column":57}}},"fnMap":{"0":{"name":"(anonymous_1)","decl":{"start":{"line":13,"column":2},"end":{"line":13,"column":8}},"loc":{"start":{"line":13,"column":55},"end":{"line":35,"column":null}}},"1":{"name":"(anonymous_2)","decl":{"start":{"line":14,"column":66},"end":{"line":14,"column":78}},"loc":{"start":{"line":14,"column":78},"end":{"line":34,"column":5}}},"2":{"name":"(anonymous_3)","decl":{"start":{"line":26,"column":10},"end":{"line":26,"column":16}},"loc":{"start":{"line":26,"column":16},"end":{"line":26,"column":null}}},"3":{"name":"(anonymous_4)","decl":{"start":{"line":36,"column":2},"end":{"line":36,"column":8}},"loc":{"start":{"line":36,"column":71},"end":{"line":61,"column":null}}},"4":{"name":"(anonymous_5)","decl":{"start":{"line":39,"column":6},"end":{"line":39,"column":18}},"loc":{"start":{"line":39,"column":18},"end":{"line":59,"column":null}}},"5":{"name":"(anonymous_6)","decl":{"start":{"line":51,"column":12},"end":{"line":51,"column":18}},"loc":{"start":{"line":51,"column":18},"end":{"line":51,"column":null}}},"6":{"name":"(anonymous_7)","decl":{"start":{"line":62,"column":2},"end":{"line":62,"column":8}},"loc":{"start":{"line":62,"column":47},"end":{"line":89,"column":null}}},"7":{"name":"(anonymous_8)","decl":{"start":{"line":65,"column":6},"end":{"line":65,"column":18}},"loc":{"start":{"line":65,"column":18},"end":{"line":87,"column":null}}},"8":{"name":"(anonymous_9)","decl":{"start":{"line":75,"column":12},"end":{"line":75,"column":18}},"loc":{"start":{"line":75,"column":18},"end":{"line":75,"column":null}}}},"branchMap":{"0":{"loc":{"start":{"line":78,"column":10},"end":{"line":82,"column":null}},"type":"if","locations":[{"start":{"line":78,"column":10},"end":{"line":82,"column":null}},{"start":{"line":80,"column":17},"end":{"line":82,"column":null}}]}},"s":{"0":12,"1":0,"2":0,"3":0,"4":0,"5":0,"6":0,"7":0,"8":0,"9":0,"10":0,"11":0,"12":0,"13":0,"14":0,"15":0,"16":0,"17":0,"18":0,"19":0,"20":0,"21":0,"22":0,"23":0,"24":0,"25":0,"26":0,"27":12},"f":{"0":0,"1":0,"2":0,"3":0,"4":0,"5":0,"6":0,"7":0,"8":0},"b":{"0":[0,0]}}
,"/Users/lazarnikolov/projects/nikolovlazar/nextjs-clean-architecture/src/infrastructure/services/authentication.service.mock.ts": {"path":"/Users/lazarnikolov/projects/nikolovlazar/nextjs-clean-architecture/src/infrastructure/services/authentication.service.mock.ts","statementMap":{"0":{"start":{"line":16,"column":7},"end":{"line":77,"column":null}},"1":{"start":{"line":21,"column":12},"end":{"line":21,"column":null}},"2":{"start":{"line":23,"column":4},"end":{"line":23,"column":null}},"3":{"start":{"line":29,"column":19},"end":{"line":29,"column":null}},"4":{"start":{"line":31,"column":4},"end":{"line":33,"column":null}},"5":{"start":{"line":32,"column":6},"end":{"line":32,"column":null}},"6":{"start":{"line":35,"column":17},"end":{"line":35,"column":null}},"7":{"start":{"line":37,"column":4},"end":{"line":39,"column":null}},"8":{"start":{"line":38,"column":6},"end":{"line":38,"column":null}},"9":{"start":{"line":41,"column":4},"end":{"line":41,"column":null}},"10":{"start":{"line":47,"column":34},"end":{"line":51,"column":null}},"11":{"start":{"line":52,"column":20},"end":{"line":52,"column":null}},"12":{"start":{"line":53,"column":27},"end":{"line":57,"column":null}},"13":{"start":{"line":59,"column":4},"end":{"line":59,"column":null}},"14":{"start":{"line":61,"column":4},"end":{"line":61,"column":null}},"15":{"start":{"line":65,"column":4},"end":{"line":65,"column":null}},"16":{"start":{"line":66,"column":32},"end":{"line":70,"column":null}},"17":{"start":{"line":71,"column":4},"end":{"line":71,"column":null}},"18":{"start":{"line":75,"column":4},"end":{"line":75,"column":null}},"19":{"start":{"line":16,"column":13},"end":{"line":16,"column":73}}},"fnMap":{"0":{"name":"(anonymous_3)","decl":{"start":{"line":19,"column":2},"end":{"line":19,"column":null}},"loc":{"start":{"line":22,"column":4},"end":{"line":24,"column":null}}},"1":{"name":"(anonymous_4)","decl":{"start":{"line":26,"column":2},"end":{"line":26,"column":8}},"loc":{"start":{"line":28,"column":47},"end":{"line":42,"column":null}}},"2":{"name":"(anonymous_5)","decl":{"start":{"line":44,"column":2},"end":{"line":44,"column":8}},"loc":{"start":{"line":46,"column":51},"end":{"line":62,"column":null}}},"3":{"name":"(anonymous_6)","decl":{"start":{"line":64,"column":2},"end":{"line":64,"column":8}},"loc":{"start":{"line":64,"column":79},"end":{"line":72,"column":null}}},"4":{"name":"(anonymous_7)","decl":{"start":{"line":74,"column":2},"end":{"line":74,"column":27}},"loc":{"start":{"line":74,"column":27},"end":{"line":76,"column":null}}}},"branchMap":{"0":{"loc":{"start":{"line":29,"column":19},"end":{"line":29,"column":null}},"type":"binary-expr","locations":[{"start":{"line":29,"column":19},"end":{"line":29,"column":48}},{"start":{"line":29,"column":48},"end":{"line":29,"column":null}}]},"1":{"loc":{"start":{"line":31,"column":4},"end":{"line":33,"column":null}},"type":"if","locations":[{"start":{"line":31,"column":4},"end":{"line":33,"column":null}},{"start":{},"end":{}}]},"2":{"loc":{"start":{"line":31,"column":8},"end":{"line":31,"column":41}},"type":"binary-expr","locations":[{"start":{"line":31,"column":8},"end":{"line":31,"column":24}},{"start":{"line":31,"column":24},"end":{"line":31,"column":41}}]},"3":{"loc":{"start":{"line":37,"column":4},"end":{"line":39,"column":null}},"type":"if","locations":[{"start":{"line":37,"column":4},"end":{"line":39,"column":null}},{"start":{},"end":{}}]}},"s":{"0":12,"1":20,"2":20,"3":12,"4":12,"5":1,"6":11,"7":11,"8":0,"9":11,"10":20,"11":20,"12":20,"13":20,"14":20,"15":5,"16":5,"17":5,"18":2,"19":12},"f":{"0":20,"1":12,"2":20,"3":5,"4":2},"b":{"0":[12,1],"1":[1,11],"2":[12,11],"3":[0,11]}}
,"/Users/lazarnikolov/projects/nikolovlazar/nextjs-clean-architecture/src/infrastructure/services/authentication.service.ts": {"path":"/Users/lazarnikolov/projects/nikolovlazar/nextjs-clean-architecture/src/infrastructure/services/authentication.service.ts","statementMap":{"0":{"start":{"line":16,"column":7},"end":{"line":106,"column":null}},"1":{"start":{"line":21,"column":12},"end":{"line":21,"column":null}},"2":{"start":{"line":23,"column":4},"end":{"line":36,"column":null}},"3":{"start":{"line":32,"column":8},"end":{"line":34,"column":null}},"4":{"start":{"line":42,"column":4},"end":{"line":62,"column":null}},"5":{"start":{"line":45,"column":23},"end":{"line":48,"column":null}},"6":{"start":{"line":47,"column":16},"end":{"line":47,"column":null}},"7":{"start":{"line":50,"column":8},"end":{"line":52,"column":null}},"8":{"start":{"line":51,"column":10},"end":{"line":51,"column":null}},"9":{"start":{"line":54,"column":21},"end":{"line":54,"column":null}},"10":{"start":{"line":56,"column":8},"end":{"line":58,"column":null}},"11":{"start":{"line":57,"column":10},"end":{"line":57,"column":null}},"12":{"start":{"line":60,"column":8},"end":{"line":60,"column":null}},"13":{"start":{"line":68,"column":4},"end":{"line":84,"column":null}},"14":{"start":{"line":71,"column":29},"end":{"line":74,"column":null}},"15":{"start":{"line":73,"column":16},"end":{"line":73,"column":null}},"16":{"start":{"line":76,"column":24},"end":{"line":76,"column":null}},"17":{"start":{"line":77,"column":23},"end":{"line":80,"column":null}},"18":{"start":{"line":79,"column":16},"end":{"line":79,"column":null}},"19":{"start":{"line":82,"column":8},"end":{"line":82,"column":null}},"20":{"start":{"line":88,"column":4},"end":{"line":90,"column":null}},"21":{"start":{"line":89,"column":6},"end":{"line":89,"column":null}},"22":{"start":{"line":92,"column":24},"end":{"line":95,"column":null}},"23":{"start":{"line":94,"column":12},"end":{"line":94,"column":null}},"24":{"start":{"line":97,"column":4},"end":{"line":97,"column":null}},"25":{"start":{"line":101,"column":4},"end":{"line":104,"column":null}},"26":{"start":{"line":103,"column":12},"end":{"line":103,"column":null}},"27":{"start":{"line":16,"column":13},"end":{"line":16,"column":69}}},"fnMap":{"0":{"name":"(anonymous_3)","decl":{"start":{"line":19,"column":2},"end":{"line":19,"column":null}},"loc":{"start":{"line":22,"column":4},"end":{"line":37,"column":null}}},"1":{"name":"(anonymous_4)","decl":{"start":{"line":31,"column":25},"end":{"line":31,"column":26}},"loc":{"start":{"line":31,"column":41},"end":{"line":35,"column":null}}},"2":{"name":"(anonymous_5)","decl":{"start":{"line":39,"column":2},"end":{"line":39,"column":8}},"loc":{"start":{"line":41,"column":47},"end":{"line":63,"column":null}}},"3":{"name":"(anonymous_6)","decl":{"start":{"line":44,"column":6},"end":{"line":44,"column":18}},"loc":{"start":{"line":44,"column":18},"end":{"line":61,"column":null}}},"4":{"name":"(anonymous_7)","decl":{"start":{"line":47,"column":10},"end":{"line":47,"column":16}},"loc":{"start":{"line":47,"column":16},"end":{"line":47,"column":null}}},"5":{"name":"(anonymous_8)","decl":{"start":{"line":65,"column":2},"end":{"line":65,"column":8}},"loc":{"start":{"line":67,"column":51},"end":{"line":85,"column":null}}},"6":{"name":"(anonymous_9)","decl":{"start":{"line":70,"column":6},"end":{"line":70,"column":18}},"loc":{"start":{"line":70,"column":18},"end":{"line":83,"column":null}}},"7":{"name":"(anonymous_10)","decl":{"start":{"line":73,"column":10},"end":{"line":73,"column":16}},"loc":{"start":{"line":73,"column":16},"end":{"line":73,"column":null}}},"8":{"name":"(anonymous_11)","decl":{"start":{"line":79,"column":10},"end":{"line":79,"column":16}},"loc":{"start":{"line":79,"column":16},"end":{"line":79,"column":null}}},"9":{"name":"(anonymous_12)","decl":{"start":{"line":87,"column":2},"end":{"line":87,"column":8}},"loc":{"start":{"line":87,"column":79},"end":{"line":98,"column":null}}},"10":{"name":"(anonymous_13)","decl":{"start":{"line":88,"column":73},"end":{"line":88,"column":null}},"loc":{"start":{"line":89,"column":6},"end":{"line":89,"column":null}}},"11":{"name":"(anonymous_14)","decl":{"start":{"line":94,"column":6},"end":{"line":94,"column":12}},"loc":{"start":{"line":94,"column":12},"end":{"line":94,"column":null}}},"12":{"name":"(anonymous_15)","decl":{"start":{"line":100,"column":2},"end":{"line":100,"column":27}},"loc":{"start":{"line":100,"column":27},"end":{"line":105,"column":null}}},"13":{"name":"(anonymous_16)","decl":{"start":{"line":103,"column":6},"end":{"line":103,"column":12}},"loc":{"start":{"line":103,"column":12},"end":{"line":103,"column":null}}}},"branchMap":{"0":{"loc":{"start":{"line":50,"column":8},"end":{"line":52,"column":null}},"type":"if","locations":[{"start":{"line":50,"column":8},"end":{"line":52,"column":null}},{"start":{},"end":{}}]},"1":{"loc":{"start":{"line":50,"column":12},"end":{"line":50,"column":45}},"type":"binary-expr","locations":[{"start":{"line":50,"column":12},"end":{"line":50,"column":28}},{"start":{"line":50,"column":28},"end":{"line":50,"column":45}}]},"2":{"loc":{"start":{"line":56,"column":8},"end":{"line":58,"column":null}},"type":"if","locations":[{"start":{"line":56,"column":8},"end":{"line":58,"column":null}},{"start":{},"end":{}}]}},"s":{"0":12,"1":0,"2":0,"3":0,"4":0,"5":0,"6":0,"7":0,"8":0,"9":0,"10":0,"11":0,"12":0,"13":0,"14":0,"15":0,"16":0,"17":0,"18":0,"19":0,"20":0,"21":0,"22":0,"23":0,"24":0,"25":0,"26":0,"27":12},"f":{"0":0,"1":0,"2":0,"3":0,"4":0,"5":0,"6":0,"7":0,"8":0,"9":0,"10":0,"11":0,"12":0,"13":0},"b":{"0":[0,0],"1":[0,0],"2":[0,0]}}
,"/Users/lazarnikolov/projects/nikolovlazar/nextjs-clean-architecture/src/interface-adapters/controllers/auth/sign-in.controller.ts": {"path":"/Users/lazarnikolov/projects/nikolovlazar/nextjs-clean-architecture/src/interface-adapters/controllers/auth/sign-in.controller.ts","statementMap":{"0":{"start":{"line":8,"column":20},"end":{"line":11,"column":null}},"1":{"start":{"line":16,"column":2},"end":{"line":25,"column":null}},"2":{"start":{"line":17,"column":45},"end":{"line":17,"column":null}},"3":{"start":{"line":19,"column":4},"end":{"line":21,"column":null}},"4":{"start":{"line":20,"column":6},"end":{"line":20,"column":null}},"5":{"start":{"line":23,"column":23},"end":{"line":23,"column":null}},"6":{"start":{"line":24,"column":4},"end":{"line":24,"column":null}}},"fnMap":{"0":{"name":"signInController","decl":{"start":{"line":13,"column":22},"end":{"line":13,"column":null}},"loc":{"start":{"line":15,"column":19},"end":{"line":26,"column":null}}},"1":{"name":"(anonymous_1)","decl":{"start":{"line":16,"column":56},"end":{"line":16,"column":68}},"loc":{"start":{"line":16,"column":68},"end":{"line":25,"column":3}}}},"branchMap":{"0":{"loc":{"start":{"line":19,"column":4},"end":{"line":21,"column":null}},"type":"if","locations":[{"start":{"line":19,"column":4},"end":{"line":21,"column":null}},{"start":{},"end":{}}]}},"s":{"0":1,"1":11,"2":11,"3":11,"4":8,"5":3,"6":1},"f":{"0":11,"1":11},"b":{"0":[8,3]}}
,"/Users/lazarnikolov/projects/nikolovlazar/nextjs-clean-architecture/src/interface-adapters/controllers/auth/sign-out.controller.ts": {"path":"/Users/lazarnikolov/projects/nikolovlazar/nextjs-clean-architecture/src/interface-adapters/controllers/auth/sign-out.controller.ts","statementMap":{"0":{"start":{"line":11,"column":2},"end":{"line":20,"column":null}},"1":{"start":{"line":12,"column":4},"end":{"line":14,"column":null}},"2":{"start":{"line":13,"column":6},"end":{"line":13,"column":null}},"3":{"start":{"line":15,"column":34},"end":{"line":15,"column":null}},"4":{"start":{"line":16,"column":24},"end":{"line":16,"column":null}},"5":{"start":{"line":18,"column":28},"end":{"line":18,"column":null}},"6":{"start":{"line":19,"column":4},"end":{"line":19,"column":null}}},"fnMap":{"0":{"name":"signOutController","decl":{"start":{"line":8,"column":22},"end":{"line":8,"column":null}},"loc":{"start":{"line":10,"column":19},"end":{"line":21,"column":null}}},"1":{"name":"(anonymous_1)","decl":{"start":{"line":11,"column":57},"end":{"line":11,"column":69}},"loc":{"start":{"line":11,"column":69},"end":{"line":20,"column":3}}}},"branchMap":{"0":{"loc":{"start":{"line":12,"column":4},"end":{"line":14,"column":null}},"type":"if","locations":[{"start":{"line":12,"column":4},"end":{"line":14,"column":null}},{"start":{},"end":{}}]}},"s":{"0":2,"1":2,"2":1,"3":1,"4":1,"5":1,"6":1},"f":{"0":2,"1":2},"b":{"0":[1,1]}}
,"/Users/lazarnikolov/projects/nikolovlazar/nextjs-clean-architecture/src/interface-adapters/controllers/auth/sign-up.controller.ts": {"path":"/Users/lazarnikolov/projects/nikolovlazar/nextjs-clean-architecture/src/interface-adapters/controllers/auth/sign-up.controller.ts","statementMap":{"0":{"start":{"line":7,"column":20},"end":{"line":26,"column":null}},"1":{"start":{"line":14,"column":4},"end":{"line":25,"column":null}},"2":{"start":{"line":15,"column":6},"end":{"line":19,"column":null}},"3":{"start":{"line":20,"column":6},"end":{"line":24,"column":null}},"4":{"start":{"line":31,"column":2},"end":{"line":39,"column":null}},"5":{"start":{"line":32,"column":45},"end":{"line":32,"column":null}},"6":{"start":{"line":34,"column":4},"end":{"line":36,"column":null}},"7":{"start":{"line":35,"column":6},"end":{"line":35,"column":null}},"8":{"start":{"line":38,"column":4},"end":{"line":38,"column":null}}},"fnMap":{"0":{"name":"(anonymous_0)","decl":{"start":{"line":13,"column":15},"end":{"line":13,"column":16}},"loc":{"start":{"line":13,"column":56},"end":{"line":26,"column":3}}},"1":{"name":"signUpController","decl":{"start":{"line":28,"column":22},"end":{"line":28,"column":null}},"loc":{"start":{"line":30,"column":45},"end":{"line":40,"column":null}}},"2":{"name":"(anonymous_2)","decl":{"start":{"line":31,"column":56},"end":{"line":31,"column":68}},"loc":{"start":{"line":31,"column":68},"end":{"line":39,"column":3}}}},"branchMap":{"0":{"loc":{"start":{"line":14,"column":4},"end":{"line":25,"column":null}},"type":"if","locations":[{"start":{"line":14,"column":4},"end":{"line":25,"column":null}},{"start":{},"end":{}}]},"1":{"loc":{"start":{"line":34,"column":4},"end":{"line":36,"column":null}},"type":"if","locations":[{"start":{"line":34,"column":4},"end":{"line":36,"column":null}},{"start":{},"end":{}}]}},"s":{"0":1,"1":4,"2":2,"3":2,"4":5,"5":5,"6":5,"7":3,"8":2},"f":{"0":4,"1":5,"2":5},"b":{"0":[2,2],"1":[3,2]}}
,"/Users/lazarnikolov/projects/nikolovlazar/nextjs-clean-architecture/src/interface-adapters/controllers/todos/create-todo.controller.ts": {"path":"/Users/lazarnikolov/projects/nikolovlazar/nextjs-clean-architecture/src/interface-adapters/controllers/todos/create-todo.controller.ts","statementMap":{"0":{"start":{"line":11,"column":2},"end":{"line":18,"column":null}},"1":{"start":{"line":12,"column":4},"end":{"line":17,"column":null}},"2":{"start":{"line":21,"column":20},"end":{"line":21,"column":null}},"3":{"start":{"line":27,"column":2},"end":{"line":48,"column":null}},"4":{"start":{"line":32,"column":6},"end":{"line":34,"column":null}},"5":{"start":{"line":33,"column":8},"end":{"line":33,"column":null}},"6":{"start":{"line":35,"column":36},"end":{"line":35,"column":null}},"7":{"start":{"line":36,"column":23},"end":{"line":36,"column":null}},"8":{"start":{"line":38,"column":47},"end":{"line":38,"column":null}},"9":{"start":{"line":40,"column":6},"end":{"line":42,"column":null}},"10":{"start":{"line":41,"column":8},"end":{"line":41,"column":null}},"11":{"start":{"line":44,"column":19},"end":{"line":44,"column":null}},"12":{"start":{"line":46,"column":6},"end":{"line":46,"column":null}}},"fnMap":{"0":{"name":"presenter","decl":{"start":{"line":10,"column":9},"end":{"line":10,"column":19}},"loc":{"start":{"line":10,"column":31},"end":{"line":19,"column":null}}},"1":{"name":"(anonymous_1)","decl":{"start":{"line":11,"column":70},"end":{"line":11,"column":76}},"loc":{"start":{"line":11,"column":76},"end":{"line":18,"column":3}}},"2":{"name":"createTodoController","decl":{"start":{"line":23,"column":22},"end":{"line":23,"column":null}},"loc":{"start":{"line":26,"column":41},"end":{"line":49,"column":null}}},"3":{"name":"(anonymous_3)","decl":{"start":{"line":31,"column":4},"end":{"line":31,"column":16}},"loc":{"start":{"line":31,"column":16},"end":{"line":47,"column":null}}}},"branchMap":{"0":{"loc":{"start":{"line":32,"column":6},"end":{"line":34,"column":null}},"type":"if","locations":[{"start":{"line":32,"column":6},"end":{"line":34,"column":null}},{"start":{},"end":{}}]},"1":{"loc":{"start":{"line":40,"column":6},"end":{"line":42,"column":null}},"type":"if","locations":[{"start":{"line":40,"column":6},"end":{"line":42,"column":null}},{"start":{},"end":{}}]}},"s":{"0":1,"1":1,"2":1,"3":4,"4":4,"5":1,"6":3,"7":3,"8":3,"9":3,"10":2,"11":1,"12":1},"f":{"0":1,"1":1,"2":4,"3":4},"b":{"0":[1,3],"1":[2,1]}}
,"/Users/lazarnikolov/projects/nikolovlazar/nextjs-clean-architecture/src/interface-adapters/controllers/todos/get-todos-for-user.controller.ts": {"path":"/Users/lazarnikolov/projects/nikolovlazar/nextjs-clean-architecture/src/interface-adapters/controllers/todos/get-todos-for-user.controller.ts","statementMap":{"0":{"start":{"line":9,"column":2},"end":{"line":16,"column":null}},"1":{"start":{"line":10,"column":4},"end":{"line":15,"column":null}},"2":{"start":{"line":10,"column":22},"end":{"line":15,"column":6}},"3":{"start":{"line":22,"column":2},"end":{"line":33,"column":null}},"4":{"start":{"line":23,"column":4},"end":{"line":25,"column":null}},"5":{"start":{"line":24,"column":6},"end":{"line":24,"column":null}},"6":{"start":{"line":27,"column":34},"end":{"line":27,"column":null}},"7":{"start":{"line":28,"column":24},"end":{"line":28,"column":null}},"8":{"start":{"line":30,"column":18},"end":{"line":30,"column":null}},"9":{"start":{"line":32,"column":4},"end":{"line":32,"column":null}}},"fnMap":{"0":{"name":"presenter","decl":{"start":{"line":8,"column":9},"end":{"line":8,"column":19}},"loc":{"start":{"line":8,"column":34},"end":{"line":17,"column":null}}},"1":{"name":"(anonymous_1)","decl":{"start":{"line":9,"column":75},"end":{"line":9,"column":null}},"loc":{"start":{"line":10,"column":4},"end":{"line":15,"column":null}}},"2":{"name":"(anonymous_2)","decl":{"start":{"line":10,"column":14},"end":{"line":10,"column":15}},"loc":{"start":{"line":10,"column":22},"end":{"line":15,"column":6}}},"3":{"name":"getTodosForUserController","decl":{"start":{"line":19,"column":22},"end":{"line":19,"column":null}},"loc":{"start":{"line":21,"column":41},"end":{"line":34,"column":null}}},"4":{"name":"(anonymous_4)","decl":{"start":{"line":22,"column":65},"end":{"line":22,"column":77}},"loc":{"start":{"line":22,"column":77},"end":{"line":33,"column":3}}}},"branchMap":{"0":{"loc":{"start":{"line":23,"column":4},"end":{"line":25,"column":null}},"type":"if","locations":[{"start":{"line":23,"column":4},"end":{"line":25,"column":null}},{"start":{},"end":{}}]}},"s":{"0":2,"1":2,"2":3,"3":4,"4":4,"5":2,"6":2,"7":2,"8":2,"9":2},"f":{"0":2,"1":2,"2":3,"3":4,"4":4},"b":{"0":[2,2]}}
,"/Users/lazarnikolov/projects/nikolovlazar/nextjs-clean-architecture/src/interface-adapters/controllers/todos/toggle-todo.controller.ts": {"path":"/Users/lazarnikolov/projects/nikolovlazar/nextjs-clean-architecture/src/interface-adapters/controllers/todos/toggle-todo.controller.ts","statementMap":{"0":{"start":{"line":11,"column":2},"end":{"line":16,"column":null}},"1":{"start":{"line":11,"column":77},"end":{"line":16,"column":4}},"2":{"start":{"line":19,"column":20},"end":{"line":19,"column":null}},"3":{"start":{"line":25,"column":2},"end":{"line":45,"column":null}},"4":{"start":{"line":26,"column":4},"end":{"line":28,"column":null}},"5":{"start":{"line":27,"column":6},"end":{"line":27,"column":null}},"6":{"start":{"line":30,"column":34},"end":{"line":30,"column":null}},"7":{"start":{"line":31,"column":24},"end":{"line":31,"column":null}},"8":{"start":{"line":33,"column":45},"end":{"line":33,"column":null}},"9":{"start":{"line":35,"column":4},"end":{"line":37,"column":null}},"10":{"start":{"line":36,"column":6},"end":{"line":36,"column":null}},"11":{"start":{"line":39,"column":17},"end":{"line":42,"column":null}},"12":{"start":{"line":44,"column":4},"end":{"line":44,"column":null}}},"fnMap":{"0":{"name":"presenter","decl":{"start":{"line":10,"column":9},"end":{"line":10,"column":19}},"loc":{"start":{"line":10,"column":31},"end":{"line":17,"column":null}}},"1":{"name":"(anonymous_1)","decl":{"start":{"line":11,"column":70},"end":{"line":11,"column":77}},"loc":{"start":{"line":11,"column":77},"end":{"line":16,"column":4}}},"2":{"name":"toggleTodoController","decl":{"start":{"line":21,"column":22},"end":{"line":21,"column":null}},"loc":{"start":{"line":24,"column":41},"end":{"line":46,"column":null}}},"3":{"name":"(anonymous_3)","decl":{"start":{"line":25,"column":60},"end":{"line":25,"column":72}},"loc":{"start":{"line":25,"column":72},"end":{"line":45,"column":3}}}},"branchMap":{"0":{"loc":{"start":{"line":26,"column":4},"end":{"line":28,"column":null}},"type":"if","locations":[{"start":{"line":26,"column":4},"end":{"line":28,"column":null}},{"start":{},"end":{}}]},"1":{"loc":{"start":{"line":35,"column":4},"end":{"line":37,"column":null}},"type":"if","locations":[{"start":{"line":35,"column":4},"end":{"line":37,"column":null}},{"start":{},"end":{}}]}},"s":{"0":2,"1":2,"2":1,"3":7,"4":7,"5":1,"6":6,"7":6,"8":5,"9":5,"10":2,"11":3,"12":2},"f":{"0":2,"1":2,"2":7,"3":7},"b":{"0":[1,6],"1":[2,3]}}
}
